2016-09-19 14:10:02
Initializing class variables

2016-09-19 14:10:02
Trying to connect at 192.168.5.204:5222

2016-09-19 14:10:02
Connection made successfully at 192.168.5.204:5222

2016-09-19 14:10:02
Sending XML>>
<?xml version="1.0"?><stream:stream xmlns:stream="http://etherx.jabber.org/streams" version="1.0" xmlns="jabber:client" to="gak.kz" xml:lang="en" xmlns:xml="http://www.w3.org/XML/1998/namespace">

2016-09-19 14:10:03
Received XML<<
<?xml version='1.0' encoding='UTF-8'?><stream:stream xmlns:stream="http://etherx.jabber.org/streams" xmlns="jabber:client" from="gak.kz" id="8n6qomhudh" xml:lang="en" version="1.0"><stream:features><starttls xmlns="urn:ietf:params:xml:ns:xmpp-tls"></starttls><mechanisms xmlns="urn:ietf:params:xml:ns:xmpp-sasl"><mechanism>PLAIN</mechanism><mechanism>ANONYMOUS</mechanism></mechanisms><compression xmlns="http://jabber.org/features/compress"><method>zlib</method></compression><auth xmlns="http://jabber.org/features/iq-auth"/><register xmlns="http://jabber.org/features/iq-register"/></stream:features>

2016-09-19 14:10:03
Starting TLS Encryption...

2016-09-19 14:10:03
Sending XML>>
<starttls xmlns="urn:ietf:params:xml:ns:xmpp-tls"/>

2016-09-19 14:10:04
Received XML<<
<proceed xmlns="urn:ietf:params:xml:ns:xmpp-tls"/>

2016-09-19 14:10:04
Already connected, sending start stream again at 192.168.5.204:5222

2016-09-19 14:10:04
Sending XML>>
<?xml version="1.0"?><stream:stream xmlns:stream="http://etherx.jabber.org/streams" version="1.0" xmlns="jabber:client" to="gak.kz" xml:lang="en" xmlns:xml="http://www.w3.org/XML/1998/namespace">

2016-09-19 14:10:05
Received XML<<
<?xml version='1.0' encoding='UTF-8'?><stream:stream xmlns:stream="http://etherx.jabber.org/streams" xmlns="jabber:client" from="gak.kz" id="8n6qomhudh" xml:lang="en" version="1.0"><stream:features><mechanisms xmlns="urn:ietf:params:xml:ns:xmpp-sasl"><mechanism>PLAIN</mechanism><mechanism>ANONYMOUS</mechanism></mechanisms><compression xmlns="http://jabber.org/features/compress"><method>zlib</method></compression><auth xmlns="http://jabber.org/features/iq-auth"/><register xmlns="http://jabber.org/features/iq-register"/></stream:features>

2016-09-19 14:10:05
Authenticating...

2016-09-19 14:10:05
Sending XML>>
<auth xmlns="urn:ietf:params:xml:ns:xmpp-sasl" mechanism="PLAIN">AGEuc2FsZWV2AENma3R0ZDgz</auth>

2016-09-19 14:10:06
Received XML<<
<success xmlns="urn:ietf:params:xml:ns:xmpp-sasl"/>

2016-09-19 14:10:06
Authentication Successful

2016-09-19 14:10:06
Sending XML>>
<?xml version="1.0"?><stream:stream xmlns:stream="http://etherx.jabber.org/streams" version="1.0" xmlns="jabber:client" to="gak.kz" xml:lang="en" xmlns:xml="http://www.w3.org/XML/1998/namespace">

2016-09-19 14:10:07
Received XML<<
<?xml version='1.0' encoding='UTF-8'?><stream:stream xmlns:stream="http://etherx.jabber.org/streams" xmlns="jabber:client" from="gak.kz" id="8n6qomhudh" xml:lang="en" version="1.0"><stream:features><compression xmlns="http://jabber.org/features/compress"><method>zlib</method></compression><bind xmlns="urn:ietf:params:xml:ns:xmpp-bind"/><session xmlns="urn:ietf:params:xml:ns:xmpp-session"><optional/></session><sm xmlns='urn:xmpp:sm:2'/><sm xmlns='urn:xmpp:sm:3'/></stream:features>

2016-09-19 14:10:07
Binding to the server stream

2016-09-19 14:10:07
Sending XML>>
<iq type="set" id="1"><bind xmlns="urn:ietf:params:xml:ns:xmpp-bind"><resource>webi</resource></bind></iq>

2016-09-19 14:10:08
Received XML<<
<iq type="result" id="1" to="gak.kz/8n6qomhudh"><bind xmlns="urn:ietf:params:xml:ns:xmpp-bind"><jid>a.saleev@gak.kz/webi</jid></bind></iq>

2016-09-19 14:10:08
Sending XML>>
<iq type="set" id="sess_1" to="gak.kz"><session xmlns="urn:ietf:params:xml:ns:xmpp-session"/></iq>

2016-09-19 14:10:09
Received XML<<
<iq type="result" id="sess_1" from="gak.kz" to="a.saleev@gak.kz/webi"/>

2016-09-19 14:10:09
Sending XML>>
<iq type="get" to="gak.kz"><query xmlns="http://jabber.org/protocol/disco#info"/></iq>

2016-09-19 14:10:10
Received XML<<
<iq type="result" from="gak.kz" to="a.saleev@gak.kz/webi"><query xmlns="http://jabber.org/protocol/disco#info"><identity category="server" name="Openfire Server" type="im"/><identity category="pubsub" type="pep"/><feature var="http://jabber.org/protocol/pubsub#retrieve-default"/><feature var="http://jabber.org/protocol/pubsub#purge-nodes"/><feature var="vcard-temp"/><feature var="http://jabber.org/protocol/pubsub#subscribe"/><feature var="http://jabber.org/protocol/pubsub#subscription-options"/><feature var="http://jabber.org/protocol/pubsub#create-nodes"/><feature var="http://jabber.org/protocol/pubsub#outcast-affiliation"/><feature var="msgoffline"/><feature var="http://jabber.org/protocol/pubsub#get-pending"/><feature var="http://jabber.org/protocol/pubsub#multi-subscribe"/><feature var="http://jabber.org/protocol/pubsub#presence-notifications"/><feature var="urn:xmpp:ping"/><feature var="jabber:iq:register"/><feature var="http://jabber.org/protocol/pubsub#delete-nodes"/><feature var="http://jabber.org/protocol/pubsub#config-node"/><feature var="http://jabber.org/protocol/pubsub#retrieve-items"/><feature var="http://jabber.org/protocol/pubsub#auto-create"/><feature var="http://jabber.org/protocol/disco#items"/><feature var="http://jabber.org/protocol/pubsub#item-ids"/><feature var="http://jabber.org/protocol/pubsub#meta-data"/><feature var="jabber:iq:roster"/><feature var="http://jabber.org/protocol/pubsub#instant-nodes"/><feature var="http://jabber.org/protocol/pubsub#modify-affiliations"/><feature var="http://jabber.org/protocol/pubsub#persistent-items"/><feature var="http://jabber.org/protocol/pubsub#create-and-configure"/><feature var="http://jabber.org/protocol/pubsub"/><feature var="http://jabber.org/protocol/pubsub#publisher-affiliation"/><feature var="http://jabber.org/protocol/pubsub#access-open"/><feature var="http://jabber.org/protocol/pubsub#retrieve-affiliations"/><feature var="jabber:iq:version"/><feature var="http://jabber.org/protocol/pubsub#retract-items"/><feature var="urn:xmpp:time"/><feature var="http://jabber.org/protocol/pubsub#manage-subscriptions"/><feature var="jabber:iq:privacy"/><feature var="jabber:iq:last"/><feature var="http://jabber.org/protocol/commands"/><feature var="http://jabber.org/protocol/offline"/><feature var="urn:xmpp:carbons:2"/><feature var="http://jabber.org/protocol/address"/><feature var="http://jabber.org/protocol/pubsub#publish"/><feature var="http://jabber.org/protocol/pubsub#collections"/><feature var="http://jabber.org/protocol/pubsub#retrieve-subscriptions"/><feature var="http://jabber.org/protocol/disco#info"/><feature var="jabber:iq:private"/><feature var="http://jabber.org/protocol/rsm"/></query></iq>

2016-09-19 14:10:10
Sending XML>>
<iq type="get" id="2"><query xmlns="jabber:iq:roster"/></iq>

2016-09-19 14:10:11
Received XML<<
<iq type="result" id="2" to="a.saleev@gak.kz/webi"><query xmlns="jabber:iq:roster"><item jid="n.kulzhanov@gak.kz" name="Нурлан Кульжанов" subscription="both"><group>ДИТ</group></item><item jid="t.bizhanov@gak.kz" name="Тимур Бижанов" subscription="both"><group>ДУРиВК</group></item><item jid="s.karzhaspaeva@gak.kz" name="Саягуль Каржаспаева" subscription="both"><group>ЮД</group></item><item jid="o.slepenkova@gak.kz" name="Ольга Слепенькова" subscription="both"><group>Караганда</group></item><item jid="n.begdurganova@gak.kz" name="Нурсауле Бегдурганова" subscription="both"><group>Актау</group></item><item jid="a.kenenbaeva@gak.kz" name="Айман Кененбаева" subscription="both"><group>ДА</group></item><item jid="a.beisembaeva@gak.kz" name="Айнур Бейсембаева" subscription="both"><group>Кокшетау</group></item><item jid="k.tunina@gak.kz" name="Кристина Тюнина" subscription="both"><group>Алматы</group></item><item jid="d.kassimova@gak.kz" name="Диляра Касимова" subscription="both"><group>ДСП</group></item><item jid="a.nuryshova@gak.kz" name="Айнур Тулегенова-Нурышова" subscription="both"><group>СКиОБП</group></item><item jid="g.sabirova@gak.kz" name="Гульнара Сабирова" subscription="both"><group>ДБУиФО</group></item><item jid="m.bektaev@gak.kz" name="Максат Бектаев" subscription="both"><group>Шымкент</group></item><item jid="a.ismagulova@gak.kz" name="Айжан Исмагулова" subscription="both"><group>Караганда</group></item><item jid="a.bekseitova@gak.kz" name="Аяжан Бексеитова" subscription="both"><group>Правление</group><group>ЮД</group></item><item jid="o.yakimenko@gak.kz" name="Оксана Якименко" subscription="both"><group>Караганда</group></item><item jid="n.kulzhabayeva@gak.kz" name="Назым Кулжабаева" subscription="both"><group>ДА</group></item><item jid="a.muhamedov@gak.kz" name="Асхат Мухамедов" subscription="both"><group>ДМиП</group></item><item jid="n.baizhanov@gak.kz" name="Нурияс Байжанов" subscription="both"><group>Алматы</group></item><item jid="a.ibrayeva@gak.kz" name="Алия Ибраева" subscription="both"><group>ДАХР</group></item><item jid="zh.zhumabai@gak.kz" name="Жаксылык Жумабай" subscription="both"><group>ДУВ</group></item><item jid="a.karipova@gak.kz" name="Алия Карипова" subscription="both"><group>Оскемен</group></item><item jid="g.baitlessova@gak.kz" name="Гульнара Байтлесова" subscription="both"><group>ДБУиФО</group></item><item jid="d.iralin@gak.kz" name="Диас Иралин" subscription="both"><group>Правление</group></item><item jid="g.amandykova@gak.kz" name="Гульсара Амандыкова" subscription="both"><group>Актау</group></item><item jid="e.bauzhanov@gak.kz" name="Ерканат Баужанов" subscription="both"><group>Павлодар</group></item><item jid="g.serikova@gak.kz" name="Гульфайруз Серикова" subscription="both"><group>Атырау</group></item><item jid="u.kushtalova@gak.kz" name="Юлия Кушталова" subscription="both"><group>Караганда</group></item><item jid="zh.abuova@gak.kz" name="Жанат Абуова" subscription="both"><group>ЮД</group></item><item jid="a.kali@gak.kz" name="Аскар Кали" subscription="both"><group>Астана</group></item><item jid="l.portyankina@gak.kz" name="Людмила Портянкина" subscription="both"><group>ДБУиФО</group></item><item jid="a.utkelbaev@gak.kz" name="Аскар Уткельбаев" subscription="both"><group>САРиА</group></item><item jid="d.khavullayeva@gak.kz" name="Дильфуза Хавуллаева" subscription="both"><group>Алматы</group></item><item jid="m.yussupov@gak.kz" name="Махсат Юсупов" subscription="both"><group>Алматы</group></item><item jid="d.karlygasheva@gak.kz" name="Диана Карлыгашева" subscription="both"><group>ДАХР</group></item><item jid="g.temirova@gak.kz" name="Гульмира Темирова" subscription="both"><group>Кокшетау</group></item><item jid="zh.soltanova@gak.kz" name="Жайнагуль Солтанова" subscription="both"><group>Павлодар</group></item><item jid="d.nurmuhambetov@gak.kz" name="Даурен Нурмухамбетов" subscription="both"><group>ДСП</group></item><item jid="a.syzdykov@gak.kz" name="Асхат Сыздыков" subscription="both"><group>Костанай</group></item><item jid="s.glushenko@gak.kz" name="Светлана Глущенко" subscription="both"><group>Караганда</group></item><item jid="k.kaparova@gak.kz" name="Куляш Капарова" subscription="both"><group>Костанай</group></item><item jid="l.zhumash@gak.kz" name="Лиана Жумаш" subscription="both"><group>Актау</group></item><item jid="a.bopeyeva@gak.kz" name="Айгуль Бопеева" subscription="both"><group>СВА</group></item><item jid="a.burkina@gak.kz" name="Анастасия Буркина" subscription="both"><group>Караганда</group></item><item jid="buh@gak.kz" name="Бухгалтерия" subscription="both"><group>ДБУиФО</group></item><item jid="a.tasmambetova@gak.kz" name="Акмарал Тасмамбетова" subscription="both"><group>САРиА</group></item><item jid="e.mudrakova@gak.kz" name="Елена Мудракова" subscription="both"><group>Алматы</group></item><item jid="a.akazhanov@gak.kz" name="Алемжан Акажанов" subscription="both"><group>ДМиП</group><group>Правление</group></item><item jid="b.musabekova@gak.kz" name="Бахытгуль Мусабекова" subscription="both"><group>Атырау</group></item><item jid="a.baiserkin@gak.kz" name="Алдан Байсеркин" subscription="both"><group>ДМиП</group></item><item jid="a.makanova@gak.kz" name="Асель Маканова" subscription="both"><group>Правление</group></item><item jid="n.abdrakhmanova@gak.kz" name="Назия Абдрахманова" subscription="both"><group>ДМиП</group></item><item jid="zh.manassova@gak.kz" name="Жадыра Манасова" subscription="both"><group>ДУРиВК</group></item><item jid="g.aituarova@gak.kz" name="Гульмира Айтуарова" subscription="both"><group>Актау</group></item><item jid="r.mubarakova@gak.kz" name="Рузана Мубаракова" subscription="both"><group>ДУВ</group></item><item jid="a.kimosov@gak.kz" name="Андрей Кимосов" subscription="both"><group>Оскемен</group></item><item jid="r.turabaev@gak.kz" name="Ринат Турабаев" subscription="both"><group>Оскемен</group></item><item jid="o.kochkarova@gak.kz" name="Ольга Кочкарова" subscription="both"><group>Караганда</group></item><item jid="m.orynbassar@gak.kz" name="Мейірбек Орынбасар" subscription="both"><group>ЮД</group></item><item jid="a.adilkhankyzy@gak.kz" name="Алия Адильханкызы" subscription="both"><group>ДАХР</group></item><item jid="a.seisembekov@gak.kz" name="Азат Сейсембеков" subscription="both"><group>ТАРАЗ</group></item><item jid="a.mendygulova@gak.kz" name="Айнагуль Мендыгулова" subscription="both"><group>Орал</group></item><item jid="b.dusekova@gak.kz" name="Бибигуль Дусекова" subscription="both"><group>Караганда</group></item><item jid="o.korzh@gak.kz" name="Оксана Корж" subscription="both"><group>Костанай</group></item><item jid="n.serebrova@gak.kz" name="Надежда Сереброва" subscription="both"><group>ДБУиФО</group></item><item jid="s.otesh@gak.kz" name="Сабит Отеш" subscription="both"><group>Актобе</group></item><item jid="e.abdrasheva@gak.kz" name="Эльмира Абдрашева" subscription="both"><group>ЮД</group></item><item jid="e.kokkozova@gak.kz" name="Эльвира Коккозова" subscription="both"><group>ДУВ</group></item><item jid="g.kazanceva@gak.kz" name="Галина Казанцева" subscription="both"><group>Петропавлоск</group></item><item jid="zh.sadirova@gak.kz" name="Жибек Садирова" subscription="both"><group>Астана</group></item><item jid="a.kulmanova@gak.kz" name="Асия Кульманова" subscription="both"><group>ДУВ</group></item><item jid="g.amerkhojayev@gak.kz" name="Галым Амерходжаев" subscription="both"><group>Правление</group></item><item jid="d.kainarov@gak.kz" name="Дулат Кайнаров" subscription="both"><group>ДАХР</group></item><item jid="a.kazavchuk@gak.kz" name="Алексей Казавчук" subscription="both"><group>Шымкент</group></item><item jid="g.zhisova@gak.kz" name="Гульнара Жисова" subscription="both"><group>Актобе</group></item><item jid="m.mombekova@gak.kz" name="Маржан Момбекова" subscription="both"><group>ДАХР</group></item><item jid="m.saparov@gak.kz" name="Марат Сапаров" subscription="both"><group>ДУАП</group></item><item jid="a.auganbaeva@gak.kz" name="Айгуль Ауганбаева" subscription="both"><group>ЮД</group></item><item jid="i.akhmetov@gak.kz" name="Ильяс Ахметов" subscription="both"><group>ДИТ</group></item><item jid="a.zhunus@gak.kz" name="Айгул Жунус" subscription="both"><group>ДА</group></item><item jid="d.nurkeibekova@gak.kz" name="Дана Нуркейбекова" subscription="both"><group>ДАХР</group></item><item jid="o.derkach@gak.kz" name="Оксана Деркач" subscription="both"><group>Петропавлоск</group></item><item jid="a.shamshualeyeva@gak.kz" name="Асель Шамшуалеева" subscription="both"><group>СП</group></item><item jid="o.struk@gak.kz" name="Ольга Струк" subscription="both"><group>Караганда</group></item><item jid="a.omarov@gak.kz" name="Аслан Омаров" subscription="both"><group>ДИТ</group></item><item jid="duap1@gak.kz" name="ДУАП" subscription="both"><group>ДУАП</group></item><item jid="a.kassinov@gak.kz" name="Аскар Касинов" subscription="both"><group>ДА</group></item><item jid="n.dosmukhametova@gak.kz" name="Назым Досмухаметова" subscription="both"><group>Алматы</group></item><item jid="g.bekbergenova@gak.kz" name="Гулдияр Бекбергенова" subscription="both"><group>ДАХР</group></item><item jid="g.omarkhanov@gak.kz" name="Габит Омарханов" subscription="both"><group>ДАХР</group></item><item jid="a.makasheva@gak.kz" name="Айнагуль Макашева" subscription="both"><group>САРиА</group></item><item jid="a.fadeeva@gak.kz" name="Асель Фадеева" subscription="both"><group>Алматы</group></item><item jid="a.tezikbai@gak.kz" name="Айжан Тезикбай" subscription="both"><group>ДМиП</group></item><item jid="r.zhakebup@gak.kz" name="Руслан Жакебуп" subscription="both"><group>Астана</group></item><item jid="m.irismetov@gak.kz" name="Мамиржан Ирисметов" subscription="both"><group>Шымкент</group></item><item jid="k.kamyshev@gak.kz" name="Канат Камышев" subscription="both"><group>Кокшетау</group></item><item jid="z.dossova@gak.kz" name="Жанар Досова" subscription="both"><group>ДСП</group></item><item jid="s.nurlybaeva@gak.kz" name="Салтанат Нурлыбаева" subscription="both"><group>Атырау</group></item><item jid="d.aitmaganov@gak.kz" name="Дастан Айтмаганов" subscription="both"><group>ДИТ</group></item><item jid="s.tokayeva@gak.kz" name="Салтанат Токаева" subscription="both"><group>Алматы</group></item><item jid="d.sagidenova@gak.kz" name="Динара Сагиденова" subscription="both"><group>Павлодар</group></item><item jid="a.gizzatkyzy@gak.kz" name="Анель Ғиззатқызы" subscription="both"><group>ДУВ</group></item><item jid="a.dauletova@gak.kz" name="Айнагуль Даулетова" subscription="both"><group>Орал</group></item><item jid="r.bainabekova@gak.kz" name="Рабига Байнабекова" subscription="both"><group>ДМиП</group></item><item jid="g.zhunusova@gak.kz" name="Гульназ Жунусова" subscription="both"><group>Орал</group></item><item jid="v.kaliev@gak.kz" name="Валихан Калиев" subscription="both"><group>ДУВ</group></item><item jid="d.nurmanova@gak.kz" name="Динара Нурманова" subscription="both"><group>ДБУиФО</group></item><item jid="i.sembaeva@gak.kz" name="Индира Сембаева" subscription="both"><group>Актобе</group></item><item jid="a.mukanov@gak.kz" name="Арман Муканов" subscription="both"><group>Астана</group></item><item jid="f.imyaminova@gak.kz" name="Фарида Имьяминова" subscription="both"><group>Павлодар</group></item><item jid="n.azatova@gak.kz" name="Назигуль Азатова" subscription="both"><group>ДУВ</group></item><item jid="y.mir@gak.kz" name="Юлия Мир" subscription="both"><group>ДУАП</group></item><item jid="z.buzhukova@gak.kz" name="Зарина Бужукова" subscription="both"><group>Алматы</group></item><item jid="e.shynybayev@gak.kz" name="Ержан Шыныбаев" subscription="both"><group>ТАРАЗ</group></item><item jid="zh.trimova@gak.kz" name="Жулдыз Тримова" subscription="both"><group>Правление</group></item><item jid="d.salo@gak.kz" name="Дарья Сало" subscription="both"><group>Караганда</group></item><item jid="z.kenbayeva@gak.kz" name="Зухра Кенбаева" subscription="both"><group>ДМиП</group></item><item jid="a.nagizkanova@gak.kz" name="Асель Нагизканова" subscription="both"><group>СВА</group></item><item jid="a.zhunussova@gak.kz" name="Айгулим Жунусова" subscription="both"><group>Астана</group></item><item jid="t.popkova@gak.kz" name="Татьяна Попкова" subscription="both"><group>Темиртау</group><group>Караганда</group></item><item jid="g.yerkinalieva@gak.kz" name="Гульбаршын Еркиналиева" subscription="both"><group>ДБУиФО</group></item><item jid="a.svetlichnaya@gak.kz" name="Алла Светличная" subscription="both"><group>ТАРАЗ</group></item><item jid="s.artuhova@gak.kz" name="Светлана Артюхова" subscription="both"><group>Актобе</group></item><item jid="k.zhalmagambetov@gak.kz" name="Кайрат Жалмагамбетов" subscription="both"><group>ДМиП</group></item></query></iq>

2016-09-19 14:10:13
Sending XML>>
<presence><show>chat</show><status>text status</status><priority>3</priority></presence>

2016-09-19 14:10:14
Sending XML>>
<message type="chat" from="a.saleev@gak.kz/webi" to="a.omarovgak.kz"><body>soobshenie</body></message>

2016-09-19 14:20:53
Initializing class variables

2016-09-19 14:20:53
Trying to connect at 192.168.5.204:5222

2016-09-19 14:20:53
Connection made successfully at 192.168.5.204:5222

2016-09-19 14:20:53
Sending XML>>
<?xml version="1.0"?><stream:stream xmlns:stream="http://etherx.jabber.org/streams" version="1.0" xmlns="jabber:client" to="gak.kz" xml:lang="en" xmlns:xml="http://www.w3.org/XML/1998/namespace">

2016-09-19 14:20:54
Received XML<<
<?xml version='1.0' encoding='UTF-8'?><stream:stream xmlns:stream="http://etherx.jabber.org/streams" xmlns="jabber:client" from="gak.kz" id="1txnpnarya" xml:lang="en" version="1.0"><stream:features><starttls xmlns="urn:ietf:params:xml:ns:xmpp-tls"></starttls><mechanisms xmlns="urn:ietf:params:xml:ns:xmpp-sasl"><mechanism>PLAIN</mechanism><mechanism>ANONYMOUS</mechanism></mechanisms><compression xmlns="http://jabber.org/features/compress"><method>zlib</method></compression><auth xmlns="http://jabber.org/features/iq-auth"/><register xmlns="http://jabber.org/features/iq-register"/></stream:features>

2016-09-19 14:20:54
Starting TLS Encryption...

2016-09-19 14:20:54
Sending XML>>
<starttls xmlns="urn:ietf:params:xml:ns:xmpp-tls"/>

2016-09-19 14:20:55
Received XML<<
<proceed xmlns="urn:ietf:params:xml:ns:xmpp-tls"/>

2016-09-19 14:20:55
Already connected, sending start stream again at 192.168.5.204:5222

2016-09-19 14:20:55
Sending XML>>
<?xml version="1.0"?><stream:stream xmlns:stream="http://etherx.jabber.org/streams" version="1.0" xmlns="jabber:client" to="gak.kz" xml:lang="en" xmlns:xml="http://www.w3.org/XML/1998/namespace">

2016-09-19 14:20:56
Received XML<<
<?xml version='1.0' encoding='UTF-8'?><stream:stream xmlns:stream="http://etherx.jabber.org/streams" xmlns="jabber:client" from="gak.kz" id="1txnpnarya" xml:lang="en" version="1.0"><stream:features><mechanisms xmlns="urn:ietf:params:xml:ns:xmpp-sasl"><mechanism>PLAIN</mechanism><mechanism>ANONYMOUS</mechanism></mechanisms><compression xmlns="http://jabber.org/features/compress"><method>zlib</method></compression><auth xmlns="http://jabber.org/features/iq-auth"/><register xmlns="http://jabber.org/features/iq-register"/></stream:features>

2016-09-19 14:20:56
Authenticating...

2016-09-19 14:20:56
Sending XML>>
<auth xmlns="urn:ietf:params:xml:ns:xmpp-sasl" mechanism="PLAIN">AGEuc2FsZWV2AENma3R0ZDgz</auth>

2016-09-19 14:20:57
Received XML<<
<success xmlns="urn:ietf:params:xml:ns:xmpp-sasl"/>

2016-09-19 14:20:57
Authentication Successful

2016-09-19 14:20:57
Sending XML>>
<?xml version="1.0"?><stream:stream xmlns:stream="http://etherx.jabber.org/streams" version="1.0" xmlns="jabber:client" to="gak.kz" xml:lang="en" xmlns:xml="http://www.w3.org/XML/1998/namespace">

2016-09-19 14:20:58
Received XML<<
<?xml version='1.0' encoding='UTF-8'?><stream:stream xmlns:stream="http://etherx.jabber.org/streams" xmlns="jabber:client" from="gak.kz" id="1txnpnarya" xml:lang="en" version="1.0"><stream:features><compression xmlns="http://jabber.org/features/compress"><method>zlib</method></compression><bind xmlns="urn:ietf:params:xml:ns:xmpp-bind"/><session xmlns="urn:ietf:params:xml:ns:xmpp-session"><optional/></session><sm xmlns='urn:xmpp:sm:2'/><sm xmlns='urn:xmpp:sm:3'/></stream:features>

2016-09-19 14:20:58
Binding to the server stream

2016-09-19 14:20:58
Sending XML>>
<iq type="set" id="1"><bind xmlns="urn:ietf:params:xml:ns:xmpp-bind"><resource>webi</resource></bind></iq>

2016-09-19 14:20:59
Received XML<<
<iq type="result" id="1" to="gak.kz/1txnpnarya"><bind xmlns="urn:ietf:params:xml:ns:xmpp-bind"><jid>a.saleev@gak.kz/webi</jid></bind></iq>

2016-09-19 14:20:59
Sending XML>>
<iq type="set" id="sess_1" to="gak.kz"><session xmlns="urn:ietf:params:xml:ns:xmpp-session"/></iq>

2016-09-19 14:21:00
Received XML<<
<iq type="result" id="sess_1" from="gak.kz" to="a.saleev@gak.kz/webi"/>

2016-09-19 14:21:00
Sending XML>>
<iq type="get" to="gak.kz"><query xmlns="http://jabber.org/protocol/disco#info"/></iq>

2016-09-19 14:21:01
Received XML<<
<iq type="result" from="gak.kz" to="a.saleev@gak.kz/webi"><query xmlns="http://jabber.org/protocol/disco#info"><identity category="server" name="Openfire Server" type="im"/><identity category="pubsub" type="pep"/><feature var="http://jabber.org/protocol/pubsub#retrieve-default"/><feature var="http://jabber.org/protocol/pubsub#purge-nodes"/><feature var="vcard-temp"/><feature var="http://jabber.org/protocol/pubsub#subscribe"/><feature var="http://jabber.org/protocol/pubsub#subscription-options"/><feature var="http://jabber.org/protocol/pubsub#create-nodes"/><feature var="http://jabber.org/protocol/pubsub#outcast-affiliation"/><feature var="msgoffline"/><feature var="http://jabber.org/protocol/pubsub#get-pending"/><feature var="http://jabber.org/protocol/pubsub#multi-subscribe"/><feature var="http://jabber.org/protocol/pubsub#presence-notifications"/><feature var="urn:xmpp:ping"/><feature var="jabber:iq:register"/><feature var="http://jabber.org/protocol/pubsub#delete-nodes"/><feature var="http://jabber.org/protocol/pubsub#config-node"/><feature var="http://jabber.org/protocol/pubsub#retrieve-items"/><feature var="http://jabber.org/protocol/pubsub#auto-create"/><feature var="http://jabber.org/protocol/disco#items"/><feature var="http://jabber.org/protocol/pubsub#item-ids"/><feature var="http://jabber.org/protocol/pubsub#meta-data"/><feature var="jabber:iq:roster"/><feature var="http://jabber.org/protocol/pubsub#instant-nodes"/><feature var="http://jabber.org/protocol/pubsub#modify-affiliations"/><feature var="http://jabber.org/protocol/pubsub#persistent-items"/><feature var="http://jabber.org/protocol/pubsub#create-and-configure"/><feature var="http://jabber.org/protocol/pubsub"/><feature var="http://jabber.org/protocol/pubsub#publisher-affiliation"/><feature var="http://jabber.org/protocol/pubsub#access-open"/><feature var="http://jabber.org/protocol/pubsub#retrieve-affiliations"/><feature var="jabber:iq:version"/><feature var="http://jabber.org/protocol/pubsub#retract-items"/><feature var="urn:xmpp:time"/><feature var="http://jabber.org/protocol/pubsub#manage-subscriptions"/><feature var="jabber:iq:privacy"/><feature var="jabber:iq:last"/><feature var="http://jabber.org/protocol/commands"/><feature var="http://jabber.org/protocol/offline"/><feature var="urn:xmpp:carbons:2"/><feature var="http://jabber.org/protocol/address"/><feature var="http://jabber.org/protocol/pubsub#publish"/><feature var="http://jabber.org/protocol/pubsub#collections"/><feature var="http://jabber.org/protocol/pubsub#retrieve-subscriptions"/><feature var="http://jabber.org/protocol/disco#info"/><feature var="jabber:iq:private"/><feature var="http://jabber.org/protocol/rsm"/></query></iq>

2016-09-19 14:21:01
Sending XML>>
<iq type="get" id="2"><query xmlns="jabber:iq:roster"/></iq>

2016-09-19 14:21:02
Received XML<<
<iq type="result" id="2" to="a.saleev@gak.kz/webi"><query xmlns="jabber:iq:roster"><item jid="n.kulzhanov@gak.kz" name="Нурлан Кульжанов" subscription="both"><group>ДИТ</group></item><item jid="t.bizhanov@gak.kz" name="Тимур Бижанов" subscription="both"><group>ДУРиВК</group></item><item jid="s.karzhaspaeva@gak.kz" name="Саягуль Каржаспаева" subscription="both"><group>ЮД</group></item><item jid="o.slepenkova@gak.kz" name="Ольга Слепенькова" subscription="both"><group>Караганда</group></item><item jid="n.begdurganova@gak.kz" name="Нурсауле Бегдурганова" subscription="both"><group>Актау</group></item><item jid="a.kenenbaeva@gak.kz" name="Айман Кененбаева" subscription="both"><group>ДА</group></item><item jid="a.beisembaeva@gak.kz" name="Айнур Бейсембаева" subscription="both"><group>Кокшетау</group></item><item jid="k.tunina@gak.kz" name="Кристина Тюнина" subscription="both"><group>Алматы</group></item><item jid="d.kassimova@gak.kz" name="Диляра Касимова" subscription="both"><group>ДСП</group></item><item jid="a.nuryshova@gak.kz" name="Айнур Тулегенова-Нурышова" subscription="both"><group>СКиОБП</group></item><item jid="g.sabirova@gak.kz" name="Гульнара Сабирова" subscription="both"><group>ДБУиФО</group></item><item jid="m.bektaev@gak.kz" name="Максат Бектаев" subscription="both"><group>Шымкент</group></item><item jid="a.ismagulova@gak.kz" name="Айжан Исмагулова" subscription="both"><group>Караганда</group></item><item jid="a.bekseitova@gak.kz" name="Аяжан Бексеитова" subscription="both"><group>Правление</group><group>ЮД</group></item><item jid="o.yakimenko@gak.kz" name="Оксана Якименко" subscription="both"><group>Караганда</group></item><item jid="n.kulzhabayeva@gak.kz" name="Назым Кулжабаева" subscription="both"><group>ДА</group></item><item jid="a.muhamedov@gak.kz" name="Асхат Мухамедов" subscription="both"><group>ДМиП</group></item><item jid="n.baizhanov@gak.kz" name="Нурияс Байжанов" subscription="both"><group>Алматы</group></item><item jid="a.ibrayeva@gak.kz" name="Алия Ибраева" subscription="both"><group>ДАХР</group></item><item jid="zh.zhumabai@gak.kz" name="Жаксылык Жумабай" subscription="both"><group>ДУВ</group></item><item jid="a.karipova@gak.kz" name="Алия Карипова" subscription="both"><group>Оскемен</group></item><item jid="g.baitlessova@gak.kz" name="Гульнара Байтлесова" subscription="both"><group>ДБУиФО</group></item><item jid="d.iralin@gak.kz" name="Диас Иралин" subscription="both"><group>Правление</group></item><item jid="g.amandykova@gak.kz" name="Гульсара Амандыкова" subscription="both"><group>Актау</group></item><item jid="e.bauzhanov@gak.kz" name="Ерканат Баужанов" subscription="both"><group>Павлодар</group></item><item jid="g.serikova@gak.kz" name="Гульфайруз Серикова" subscription="both"><group>Атырау</group></item><item jid="u.kushtalova@gak.kz" name="Юлия Кушталова" subscription="both"><group>Караганда</group></item><item jid="zh.abuova@gak.kz" name="Жанат Абуова" subscription="both"><group>ЮД</group></item><item jid="a.kali@gak.kz" name="Аскар Кали" subscription="both"><group>Астана</group></item><item jid="l.portyankina@gak.kz" name="Людмила Портянкина" subscription="both"><group>ДБУиФО</group></item><item jid="a.utkelbaev@gak.kz" name="Аскар Уткельбаев" subscription="both"><group>САРиА</group></item><item jid="d.khavullayeva@gak.kz" name="Дильфуза Хавуллаева" subscription="both"><group>Алматы</group></item><item jid="m.yussupov@gak.kz" name="Махсат Юсупов" subscription="both"><group>Алматы</group></item><item jid="d.karlygasheva@gak.kz" name="Диана Карлыгашева" subscription="both"><group>ДАХР</group></item><item jid="g.temirova@gak.kz" name="Гульмира Темирова" subscription="both"><group>Кокшетау</group></item><item jid="zh.soltanova@gak.kz" name="Жайнагуль Солтанова" subscription="both"><group>Павлодар</group></item><item jid="d.nurmuhambetov@gak.kz" name="Даурен Нурмухамбетов" subscription="both"><group>ДСП</group></item><item jid="a.syzdykov@gak.kz" name="Асхат Сыздыков" subscription="both"><group>Костанай</group></item><item jid="s.glushenko@gak.kz" name="Светлана Глущенко" subscription="both"><group>Караганда</group></item><item jid="k.kaparova@gak.kz" name="Куляш Капарова" subscription="both"><group>Костанай</group></item><item jid="l.zhumash@gak.kz" name="Лиана Жумаш" subscription="both"><group>Актау</group></item><item jid="a.bopeyeva@gak.kz" name="Айгуль Бопеева" subscription="both"><group>СВА</group></item><item jid="a.burkina@gak.kz" name="Анастасия Буркина" subscription="both"><group>Караганда</group></item><item jid="buh@gak.kz" name="Бухгалтерия" subscription="both"><group>ДБУиФО</group></item><item jid="a.tasmambetova@gak.kz" name="Акмарал Тасмамбетова" subscription="both"><group>САРиА</group></item><item jid="e.mudrakova@gak.kz" name="Елена Мудракова" subscription="both"><group>Алматы</group></item><item jid="a.akazhanov@gak.kz" name="Алемжан Акажанов" subscription="both"><group>ДМиП</group><group>Правление</group></item><item jid="b.musabekova@gak.kz" name="Бахытгуль Мусабекова" subscription="both"><group>Атырау</group></item><item jid="a.baiserkin@gak.kz" name="Алдан Байсеркин" subscription="both"><group>ДМиП</group></item><item jid="a.makanova@gak.kz" name="Асель Маканова" subscription="both"><group>Правление</group></item><item jid="n.abdrakhmanova@gak.kz" name="Назия Абдрахманова" subscription="both"><group>ДМиП</group></item><item jid="zh.manassova@gak.kz" name="Жадыра Манасова" subscription="both"><group>ДУРиВК</group></item><item jid="g.aituarova@gak.kz" name="Гульмира Айтуарова" subscription="both"><group>Актау</group></item><item jid="r.mubarakova@gak.kz" name="Рузана Мубаракова" subscription="both"><group>ДУВ</group></item><item jid="a.kimosov@gak.kz" name="Андрей Кимосов" subscription="both"><group>Оскемен</group></item><item jid="r.turabaev@gak.kz" name="Ринат Турабаев" subscription="both"><group>Оскемен</group></item><item jid="o.kochkarova@gak.kz" name="Ольга Кочкарова" subscription="both"><group>Караганда</group></item><item jid="m.orynbassar@gak.kz" name="Мейірбек Орынбасар" subscription="both"><group>ЮД</group></item><item jid="a.adilkhankyzy@gak.kz" name="Алия Адильханкызы" subscription="both"><group>ДАХР</group></item><item jid="a.seisembekov@gak.kz" name="Азат Сейсембеков" subscription="both"><group>ТАРАЗ</group></item><item jid="a.mendygulova@gak.kz" name="Айнагуль Мендыгулова" subscription="both"><group>Орал</group></item><item jid="b.dusekova@gak.kz" name="Бибигуль Дусекова" subscription="both"><group>Караганда</group></item><item jid="o.korzh@gak.kz" name="Оксана Корж" subscription="both"><group>Костанай</group></item><item jid="n.serebrova@gak.kz" name="Надежда Сереброва" subscription="both"><group>ДБУиФО</group></item><item jid="s.otesh@gak.kz" name="Сабит Отеш" subscription="both"><group>Актобе</group></item><item jid="e.abdrasheva@gak.kz" name="Эльмира Абдрашева" subscription="both"><group>ЮД</group></item><item jid="e.kokkozova@gak.kz" name="Эльвира Коккозова" subscription="both"><group>ДУВ</group></item><item jid="g.kazanceva@gak.kz" name="Галина Казанцева" subscription="both"><group>Петропавлоск</group></item><item jid="zh.sadirova@gak.kz" name="Жибек Садирова" subscription="both"><group>Астана</group></item><item jid="a.kulmanova@gak.kz" name="Асия Кульманова" subscription="both"><group>ДУВ</group></item><item jid="g.amerkhojayev@gak.kz" name="Галым Амерходжаев" subscription="both"><group>Правление</group></item><item jid="d.kainarov@gak.kz" name="Дулат Кайнаров" subscription="both"><group>ДАХР</group></item><item jid="a.kazavchuk@gak.kz" name="Алексей Казавчук" subscription="both"><group>Шымкент</group></item><item jid="g.zhisova@gak.kz" name="Гульнара Жисова" subscription="both"><group>Актобе</group></item><item jid="m.mombekova@gak.kz" name="Маржан Момбекова" subscription="both"><group>ДАХР</group></item><item jid="m.saparov@gak.kz" name="Марат Сапаров" subscription="both"><group>ДУАП</group></item><item jid="a.auganbaeva@gak.kz" name="Айгуль Ауганбаева" subscription="both"><group>ЮД</group></item><item jid="i.akhmetov@gak.kz" name="Ильяс Ахметов" subscription="both"><group>ДИТ</group></item><item jid="a.zhunus@gak.kz" name="Айгул Жунус" subscription="both"><group>ДА</group></item><item jid="d.nurkeibekova@gak.kz" name="Дана Нуркейбекова" subscription="both"><group>ДАХР</group></item><item jid="o.derkach@gak.kz" name="Оксана Деркач" subscription="both"><group>Петропавлоск</group></item><item jid="a.shamshualeyeva@gak.kz" name="Асель Шамшуалеева" subscription="both"><group>СП</group></item><item jid="o.struk@gak.kz" name="Ольга Струк" subscription="both"><group>Караганда</group></item><item jid="a.omarov@gak.kz" name="Аслан Омаров" subscription="both"><group>ДИТ</group></item><item jid="duap1@gak.kz" name="ДУАП" subscription="both"><group>ДУАП</group></item><item jid="a.kassinov@gak.kz" name="Аскар Касинов" subscription="both"><group>ДА</group></item><item jid="n.dosmukhametova@gak.kz" name="Назым Досмухаметова" subscription="both"><group>Алматы</group></item><item jid="g.bekbergenova@gak.kz" name="Гулдияр Бекбергенова" subscription="both"><group>ДАХР</group></item><item jid="g.omarkhanov@gak.kz" name="Габит Омарханов" subscription="both"><group>ДАХР</group></item><item jid="a.makasheva@gak.kz" name="Айнагуль Макашева" subscription="both"><group>САРиА</group></item><item jid="a.fadeeva@gak.kz" name="Асель Фадеева" subscription="both"><group>Алматы</group></item><item jid="a.tezikbai@gak.kz" name="Айжан Тезикбай" subscription="both"><group>ДМиП</group></item><item jid="r.zhakebup@gak.kz" name="Руслан Жакебуп" subscription="both"><group>Астана</group></item><item jid="m.irismetov@gak.kz" name="Мамиржан Ирисметов" subscription="both"><group>Шымкент</group></item><item jid="k.kamyshev@gak.kz" name="Канат Камышев" subscription="both"><group>Кокшетау</group></item><item jid="z.dossova@gak.kz" name="Жанар Досова" subscription="both"><group>ДСП</group></item><item jid="s.nurlybaeva@gak.kz" name="Салтанат Нурлыбаева" subscription="both"><group>Атырау</group></item><item jid="d.aitmaganov@gak.kz" name="Дастан Айтмаганов" subscription="both"><group>ДИТ</group></item><item jid="s.tokayeva@gak.kz" name="Салтанат Токаева" subscription="both"><group>Алматы</group></item><item jid="d.sagidenova@gak.kz" name="Динара Сагиденова" subscription="both"><group>Павлодар</group></item><item jid="a.gizzatkyzy@gak.kz" name="Анель Ғиззатқызы" subscription="both"><group>ДУВ</group></item><item jid="a.dauletova@gak.kz" name="Айнагуль Даулетова" subscription="both"><group>Орал</group></item><item jid="r.bainabekova@gak.kz" name="Рабига Байнабекова" subscription="both"><group>ДМиП</group></item><item jid="g.zhunusova@gak.kz" name="Гульназ Жунусова" subscription="both"><group>Орал</group></item><item jid="v.kaliev@gak.kz" name="Валихан Калиев" subscription="both"><group>ДУВ</group></item><item jid="d.nurmanova@gak.kz" name="Динара Нурманова" subscription="both"><group>ДБУиФО</group></item><item jid="i.sembaeva@gak.kz" name="Индира Сембаева" subscription="both"><group>Актобе</group></item><item jid="a.mukanov@gak.kz" name="Арман Муканов" subscription="both"><group>Астана</group></item><item jid="f.imyaminova@gak.kz" name="Фарида Имьяминова" subscription="both"><group>Павлодар</group></item><item jid="n.azatova@gak.kz" name="Назигуль Азатова" subscription="both"><group>ДУВ</group></item><item jid="y.mir@gak.kz" name="Юлия Мир" subscription="both"><group>ДУАП</group></item><item jid="z.buzhukova@gak.kz" name="Зарина Бужукова" subscription="both"><group>Алматы</group></item><item jid="e.shynybayev@gak.kz" name="Ержан Шыныбаев" subscription="both"><group>ТАРАЗ</group></item><item jid="zh.trimova@gak.kz" name="Жулдыз Тримова" subscription="both"><group>Правление</group></item><item jid="d.salo@gak.kz" name="Дарья Сало" subscription="both"><group>Караганда</group></item><item jid="z.kenbayeva@gak.kz" name="Зухра Кенбаева" subscription="both"><group>ДМиП</group></item><item jid="a.nagizkanova@gak.kz" name="Асель Нагизканова" subscription="both"><group>СВА</group></item><item jid="a.zhunussova@gak.kz" name="Айгулим Жунусова" subscription="both"><group>Астана</group></item><item jid="t.popkova@gak.kz" name="Татьяна Попкова" subscription="both"><group>Темиртау</group><group>Караганда</group></item><item jid="g.yerkinalieva@gak.kz" name="Гульбаршын Еркиналиева" subscription="both"><group>ДБУиФО</group></item><item jid="a.svetlichnaya@gak.kz" name="Алла Светличная" subscription="both"><group>ТАРАЗ</group></item><item jid="s.artuhova@gak.kz" name="Светлана Артюхова" subscription="both"><group>Актобе</group></item><item jid="k.zhalmagambetov@gak.kz" name="Кайрат Жалмагамбетов" subscription="both"><group>ДМиП</group></item></query></iq>

2016-09-19 14:21:04
Sending XML>>
<presence><show>chat</show><status>text status</status><priority>3</priority></presence>

2016-09-19 14:21:04
Sending XML>>
<message type="chat" from="a.saleev@gak.kz/webi" to="a.omarovgak.kz"><body>soobshenie</body></message>

2016-09-19 14:21:14
Initializing class variables

2016-09-19 14:21:14
Trying to connect at 192.168.5.204:5222

2016-09-19 14:21:14
Connection made successfully at 192.168.5.204:5222

2016-09-19 14:21:14
Sending XML>>
<?xml version="1.0"?><stream:stream xmlns:stream="http://etherx.jabber.org/streams" version="1.0" xmlns="jabber:client" to="gak.kz" xml:lang="en" xmlns:xml="http://www.w3.org/XML/1998/namespace">

2016-09-19 14:21:15
Received XML<<
<?xml version='1.0' encoding='UTF-8'?><stream:stream xmlns:stream="http://etherx.jabber.org/streams" xmlns="jabber:client" from="gak.kz" id="25ssa9m03z" xml:lang="en" version="1.0"><stream:features><starttls xmlns="urn:ietf:params:xml:ns:xmpp-tls"></starttls><mechanisms xmlns="urn:ietf:params:xml:ns:xmpp-sasl"><mechanism>PLAIN</mechanism><mechanism>ANONYMOUS</mechanism></mechanisms><compression xmlns="http://jabber.org/features/compress"><method>zlib</method></compression><auth xmlns="http://jabber.org/features/iq-auth"/><register xmlns="http://jabber.org/features/iq-register"/></stream:features>

2016-09-19 14:21:15
Authenticating...

2016-09-19 14:21:15
Sending XML>>
<auth xmlns="urn:ietf:params:xml:ns:xmpp-sasl" mechanism="PLAIN">AGEuc2FsZWV2AENma3R0ZDgz</auth>

2016-09-19 14:21:16
Received XML<<
<success xmlns="urn:ietf:params:xml:ns:xmpp-sasl"/>

2016-09-19 14:21:16
Authentication Successful

2016-09-19 14:21:16
Sending XML>>
<?xml version="1.0"?><stream:stream xmlns:stream="http://etherx.jabber.org/streams" version="1.0" xmlns="jabber:client" to="gak.kz" xml:lang="en" xmlns:xml="http://www.w3.org/XML/1998/namespace">

2016-09-19 14:21:17
Received XML<<
<?xml version='1.0' encoding='UTF-8'?><stream:stream xmlns:stream="http://etherx.jabber.org/streams" xmlns="jabber:client" from="gak.kz" id="25ssa9m03z" xml:lang="en" version="1.0"><stream:features><compression xmlns="http://jabber.org/features/compress"><method>zlib</method></compression><bind xmlns="urn:ietf:params:xml:ns:xmpp-bind"/><session xmlns="urn:ietf:params:xml:ns:xmpp-session"><optional/></session><sm xmlns='urn:xmpp:sm:2'/><sm xmlns='urn:xmpp:sm:3'/></stream:features>

2016-09-19 14:21:17
Binding to the server stream

2016-09-19 14:21:17
Sending XML>>
<iq type="set" id="1"><bind xmlns="urn:ietf:params:xml:ns:xmpp-bind"><resource>webi</resource></bind></iq>

2016-09-19 14:21:18
Received XML<<
<iq type="result" id="1" to="gak.kz/25ssa9m03z"><bind xmlns="urn:ietf:params:xml:ns:xmpp-bind"><jid>a.saleev@gak.kz/webi</jid></bind></iq>

2016-09-19 14:21:18
Sending XML>>
<iq type="set" id="sess_1" to="gak.kz"><session xmlns="urn:ietf:params:xml:ns:xmpp-session"/></iq>

2016-09-19 14:21:19
Received XML<<
<iq type="result" id="sess_1" from="gak.kz" to="a.saleev@gak.kz/webi"/>

2016-09-19 14:21:19
Sending XML>>
<iq type="get" to="gak.kz"><query xmlns="http://jabber.org/protocol/disco#info"/></iq>

2016-09-19 14:21:20
Received XML<<
<iq type="result" from="gak.kz" to="a.saleev@gak.kz/webi"><query xmlns="http://jabber.org/protocol/disco#info"><identity category="server" name="Openfire Server" type="im"/><identity category="pubsub" type="pep"/><feature var="http://jabber.org/protocol/pubsub#retrieve-default"/><feature var="http://jabber.org/protocol/pubsub#purge-nodes"/><feature var="vcard-temp"/><feature var="http://jabber.org/protocol/pubsub#subscribe"/><feature var="http://jabber.org/protocol/pubsub#subscription-options"/><feature var="http://jabber.org/protocol/pubsub#create-nodes"/><feature var="http://jabber.org/protocol/pubsub#outcast-affiliation"/><feature var="msgoffline"/><feature var="http://jabber.org/protocol/pubsub#get-pending"/><feature var="http://jabber.org/protocol/pubsub#multi-subscribe"/><feature var="http://jabber.org/protocol/pubsub#presence-notifications"/><feature var="urn:xmpp:ping"/><feature var="jabber:iq:register"/><feature var="http://jabber.org/protocol/pubsub#delete-nodes"/><feature var="http://jabber.org/protocol/pubsub#config-node"/><feature var="http://jabber.org/protocol/pubsub#retrieve-items"/><feature var="http://jabber.org/protocol/pubsub#auto-create"/><feature var="http://jabber.org/protocol/disco#items"/><feature var="http://jabber.org/protocol/pubsub#item-ids"/><feature var="http://jabber.org/protocol/pubsub#meta-data"/><feature var="jabber:iq:roster"/><feature var="http://jabber.org/protocol/pubsub#instant-nodes"/><feature var="http://jabber.org/protocol/pubsub#modify-affiliations"/><feature var="http://jabber.org/protocol/pubsub#persistent-items"/><feature var="http://jabber.org/protocol/pubsub#create-and-configure"/><feature var="http://jabber.org/protocol/pubsub"/><feature var="http://jabber.org/protocol/pubsub#publisher-affiliation"/><feature var="http://jabber.org/protocol/pubsub#access-open"/><feature var="http://jabber.org/protocol/pubsub#retrieve-affiliations"/><feature var="jabber:iq:version"/><feature var="http://jabber.org/protocol/pubsub#retract-items"/><feature var="urn:xmpp:time"/><feature var="http://jabber.org/protocol/pubsub#manage-subscriptions"/><feature var="jabber:iq:privacy"/><feature var="jabber:iq:last"/><feature var="http://jabber.org/protocol/commands"/><feature var="http://jabber.org/protocol/offline"/><feature var="urn:xmpp:carbons:2"/><feature var="http://jabber.org/protocol/address"/><feature var="http://jabber.org/protocol/pubsub#publish"/><feature var="http://jabber.org/protocol/pubsub#collections"/><feature var="http://jabber.org/protocol/pubsub#retrieve-subscriptions"/><feature var="http://jabber.org/protocol/disco#info"/><feature var="jabber:iq:private"/><feature var="http://jabber.org/protocol/rsm"/></query></iq>

2016-09-19 14:21:20
Sending XML>>
<iq type="get" id="2"><query xmlns="jabber:iq:roster"/></iq>

2016-09-19 14:21:21
Received XML<<
<iq type="result" id="2" to="a.saleev@gak.kz/webi"><query xmlns="jabber:iq:roster"><item jid="n.kulzhanov@gak.kz" name="Нурлан Кульжанов" subscription="both"><group>ДИТ</group></item><item jid="t.bizhanov@gak.kz" name="Тимур Бижанов" subscription="both"><group>ДУРиВК</group></item><item jid="s.karzhaspaeva@gak.kz" name="Саягуль Каржаспаева" subscription="both"><group>ЮД</group></item><item jid="o.slepenkova@gak.kz" name="Ольга Слепенькова" subscription="both"><group>Караганда</group></item><item jid="n.begdurganova@gak.kz" name="Нурсауле Бегдурганова" subscription="both"><group>Актау</group></item><item jid="a.kenenbaeva@gak.kz" name="Айман Кененбаева" subscription="both"><group>ДА</group></item><item jid="a.beisembaeva@gak.kz" name="Айнур Бейсембаева" subscription="both"><group>Кокшетау</group></item><item jid="k.tunina@gak.kz" name="Кристина Тюнина" subscription="both"><group>Алматы</group></item><item jid="d.kassimova@gak.kz" name="Диляра Касимова" subscription="both"><group>ДСП</group></item><item jid="a.nuryshova@gak.kz" name="Айнур Тулегенова-Нурышова" subscription="both"><group>СКиОБП</group></item><item jid="g.sabirova@gak.kz" name="Гульнара Сабирова" subscription="both"><group>ДБУиФО</group></item><item jid="m.bektaev@gak.kz" name="Максат Бектаев" subscription="both"><group>Шымкент</group></item><item jid="a.ismagulova@gak.kz" name="Айжан Исмагулова" subscription="both"><group>Караганда</group></item><item jid="a.bekseitova@gak.kz" name="Аяжан Бексеитова" subscription="both"><group>Правление</group><group>ЮД</group></item><item jid="o.yakimenko@gak.kz" name="Оксана Якименко" subscription="both"><group>Караганда</group></item><item jid="n.kulzhabayeva@gak.kz" name="Назым Кулжабаева" subscription="both"><group>ДА</group></item><item jid="a.muhamedov@gak.kz" name="Асхат Мухамедов" subscription="both"><group>ДМиП</group></item><item jid="n.baizhanov@gak.kz" name="Нурияс Байжанов" subscription="both"><group>Алматы</group></item><item jid="a.ibrayeva@gak.kz" name="Алия Ибраева" subscription="both"><group>ДАХР</group></item><item jid="zh.zhumabai@gak.kz" name="Жаксылык Жумабай" subscription="both"><group>ДУВ</group></item><item jid="a.karipova@gak.kz" name="Алия Карипова" subscription="both"><group>Оскемен</group></item><item jid="g.baitlessova@gak.kz" name="Гульнара Байтлесова" subscription="both"><group>ДБУиФО</group></item><item jid="d.iralin@gak.kz" name="Диас Иралин" subscription="both"><group>Правление</group></item><item jid="g.amandykova@gak.kz" name="Гульсара Амандыкова" subscription="both"><group>Актау</group></item><item jid="e.bauzhanov@gak.kz" name="Ерканат Баужанов" subscription="both"><group>Павлодар</group></item><item jid="g.serikova@gak.kz" name="Гульфайруз Серикова" subscription="both"><group>Атырау</group></item><item jid="u.kushtalova@gak.kz" name="Юлия Кушталова" subscription="both"><group>Караганда</group></item><item jid="zh.abuova@gak.kz" name="Жанат Абуова" subscription="both"><group>ЮД</group></item><item jid="a.kali@gak.kz" name="Аскар Кали" subscription="both"><group>Астана</group></item><item jid="l.portyankina@gak.kz" name="Людмила Портянкина" subscription="both"><group>ДБУиФО</group></item><item jid="a.utkelbaev@gak.kz" name="Аскар Уткельбаев" subscription="both"><group>САРиА</group></item><item jid="d.khavullayeva@gak.kz" name="Дильфуза Хавуллаева" subscription="both"><group>Алматы</group></item><item jid="m.yussupov@gak.kz" name="Махсат Юсупов" subscription="both"><group>Алматы</group></item><item jid="d.karlygasheva@gak.kz" name="Диана Карлыгашева" subscription="both"><group>ДАХР</group></item><item jid="g.temirova@gak.kz" name="Гульмира Темирова" subscription="both"><group>Кокшетау</group></item><item jid="zh.soltanova@gak.kz" name="Жайнагуль Солтанова" subscription="both"><group>Павлодар</group></item><item jid="d.nurmuhambetov@gak.kz" name="Даурен Нурмухамбетов" subscription="both"><group>ДСП</group></item><item jid="a.syzdykov@gak.kz" name="Асхат Сыздыков" subscription="both"><group>Костанай</group></item><item jid="s.glushenko@gak.kz" name="Светлана Глущенко" subscription="both"><group>Караганда</group></item><item jid="k.kaparova@gak.kz" name="Куляш Капарова" subscription="both"><group>Костанай</group></item><item jid="l.zhumash@gak.kz" name="Лиана Жумаш" subscription="both"><group>Актау</group></item><item jid="a.bopeyeva@gak.kz" name="Айгуль Бопеева" subscription="both"><group>СВА</group></item><item jid="a.burkina@gak.kz" name="Анастасия Буркина" subscription="both"><group>Караганда</group></item><item jid="buh@gak.kz" name="Бухгалтерия" subscription="both"><group>ДБУиФО</group></item><item jid="a.tasmambetova@gak.kz" name="Акмарал Тасмамбетова" subscription="both"><group>САРиА</group></item><item jid="e.mudrakova@gak.kz" name="Елена Мудракова" subscription="both"><group>Алматы</group></item><item jid="a.akazhanov@gak.kz" name="Алемжан Акажанов" subscription="both"><group>ДМиП</group><group>Правление</group></item><item jid="b.musabekova@gak.kz" name="Бахытгуль Мусабекова" subscription="both"><group>Атырау</group></item><item jid="a.baiserkin@gak.kz" name="Алдан Байсеркин" subscription="both"><group>ДМиП</group></item><item jid="a.makanova@gak.kz" name="Асель Маканова" subscription="both"><group>Правление</group></item><item jid="n.abdrakhmanova@gak.kz" name="Назия Абдрахманова" subscription="both"><group>ДМиП</group></item><item jid="zh.manassova@gak.kz" name="Жадыра Манасова" subscription="both"><group>ДУРиВК</group></item><item jid="g.aituarova@gak.kz" name="Гульмира Айтуарова" subscription="both"><group>Актау</group></item><item jid="r.mubarakova@gak.kz" name="Рузана Мубаракова" subscription="both"><group>ДУВ</group></item><item jid="a.kimosov@gak.kz" name="Андрей Кимосов" subscription="both"><group>Оскемен</group></item><item jid="r.turabaev@gak.kz" name="Ринат Турабаев" subscription="both"><group>Оскемен</group></item><item jid="o.kochkarova@gak.kz" name="Ольга Кочкарова" subscription="both"><group>Караганда</group></item><item jid="m.orynbassar@gak.kz" name="Мейірбек Орынбасар" subscription="both"><group>ЮД</group></item><item jid="a.adilkhankyzy@gak.kz" name="Алия Адильханкызы" subscription="both"><group>ДАХР</group></item><item jid="a.seisembekov@gak.kz" name="Азат Сейсембеков" subscription="both"><group>ТАРАЗ</group></item><item jid="a.mendygulova@gak.kz" name="Айнагуль Мендыгулова" subscription="both"><group>Орал</group></item><item jid="b.dusekova@gak.kz" name="Бибигуль Дусекова" subscription="both"><group>Караганда</group></item><item jid="o.korzh@gak.kz" name="Оксана Корж" subscription="both"><group>Костанай</group></item><item jid="n.serebrova@gak.kz" name="Надежда Сереброва" subscription="both"><group>ДБУиФО</group></item><item jid="s.otesh@gak.kz" name="Сабит Отеш" subscription="both"><group>Актобе</group></item><item jid="e.abdrasheva@gak.kz" name="Эльмира Абдрашева" subscription="both"><group>ЮД</group></item><item jid="e.kokkozova@gak.kz" name="Эльвира Коккозова" subscription="both"><group>ДУВ</group></item><item jid="g.kazanceva@gak.kz" name="Галина Казанцева" subscription="both"><group>Петропавлоск</group></item><item jid="zh.sadirova@gak.kz" name="Жибек Садирова" subscription="both"><group>Астана</group></item><item jid="a.kulmanova@gak.kz" name="Асия Кульманова" subscription="both"><group>ДУВ</group></item><item jid="g.amerkhojayev@gak.kz" name="Галым Амерходжаев" subscription="both"><group>Правление</group></item><item jid="d.kainarov@gak.kz" name="Дулат Кайнаров" subscription="both"><group>ДАХР</group></item><item jid="a.kazavchuk@gak.kz" name="Алексей Казавчук" subscription="both"><group>Шымкент</group></item><item jid="g.zhisova@gak.kz" name="Гульнара Жисова" subscription="both"><group>Актобе</group></item><item jid="m.mombekova@gak.kz" name="Маржан Момбекова" subscription="both"><group>ДАХР</group></item><item jid="m.saparov@gak.kz" name="Марат Сапаров" subscription="both"><group>ДУАП</group></item><item jid="a.auganbaeva@gak.kz" name="Айгуль Ауганбаева" subscription="both"><group>ЮД</group></item><item jid="i.akhmetov@gak.kz" name="Ильяс Ахметов" subscription="both"><group>ДИТ</group></item><item jid="a.zhunus@gak.kz" name="Айгул Жунус" subscription="both"><group>ДА</group></item><item jid="d.nurkeibekova@gak.kz" name="Дана Нуркейбекова" subscription="both"><group>ДАХР</group></item><item jid="o.derkach@gak.kz" name="Оксана Деркач" subscription="both"><group>Петропавлоск</group></item><item jid="a.shamshualeyeva@gak.kz" name="Асель Шамшуалеева" subscription="both"><group>СП</group></item><item jid="o.struk@gak.kz" name="Ольга Струк" subscription="both"><group>Караганда</group></item><item jid="a.omarov@gak.kz" name="Аслан Омаров" subscription="both"><group>ДИТ</group></item><item jid="duap1@gak.kz" name="ДУАП" subscription="both"><group>ДУАП</group></item><item jid="a.kassinov@gak.kz" name="Аскар Касинов" subscription="both"><group>ДА</group></item><item jid="n.dosmukhametova@gak.kz" name="Назым Досмухаметова" subscription="both"><group>Алматы</group></item><item jid="g.bekbergenova@gak.kz" name="Гулдияр Бекбергенова" subscription="both"><group>ДАХР</group></item><item jid="g.omarkhanov@gak.kz" name="Габит Омарханов" subscription="both"><group>ДАХР</group></item><item jid="a.makasheva@gak.kz" name="Айнагуль Макашева" subscription="both"><group>САРиА</group></item><item jid="a.fadeeva@gak.kz" name="Асель Фадеева" subscription="both"><group>Алматы</group></item><item jid="a.tezikbai@gak.kz" name="Айжан Тезикбай" subscription="both"><group>ДМиП</group></item><item jid="r.zhakebup@gak.kz" name="Руслан Жакебуп" subscription="both"><group>Астана</group></item><item jid="m.irismetov@gak.kz" name="Мамиржан Ирисметов" subscription="both"><group>Шымкент</group></item><item jid="k.kamyshev@gak.kz" name="Канат Камышев" subscription="both"><group>Кокшетау</group></item><item jid="z.dossova@gak.kz" name="Жанар Досова" subscription="both"><group>ДСП</group></item><item jid="s.nurlybaeva@gak.kz" name="Салтанат Нурлыбаева" subscription="both"><group>Атырау</group></item><item jid="d.aitmaganov@gak.kz" name="Дастан Айтмаганов" subscription="both"><group>ДИТ</group></item><item jid="s.tokayeva@gak.kz" name="Салтанат Токаева" subscription="both"><group>Алматы</group></item><item jid="d.sagidenova@gak.kz" name="Динара Сагиденова" subscription="both"><group>Павлодар</group></item><item jid="a.gizzatkyzy@gak.kz" name="Анель Ғиззатқызы" subscription="both"><group>ДУВ</group></item><item jid="a.dauletova@gak.kz" name="Айнагуль Даулетова" subscription="both"><group>Орал</group></item><item jid="r.bainabekova@gak.kz" name="Рабига Байнабекова" subscription="both"><group>ДМиП</group></item><item jid="g.zhunusova@gak.kz" name="Гульназ Жунусова" subscription="both"><group>Орал</group></item><item jid="v.kaliev@gak.kz" name="Валихан Калиев" subscription="both"><group>ДУВ</group></item><item jid="d.nurmanova@gak.kz" name="Динара Нурманова" subscription="both"><group>ДБУиФО</group></item><item jid="i.sembaeva@gak.kz" name="Индира Сембаева" subscription="both"><group>Актобе</group></item><item jid="a.mukanov@gak.kz" name="Арман Муканов" subscription="both"><group>Астана</group></item><item jid="f.imyaminova@gak.kz" name="Фарида Имьяминова" subscription="both"><group>Павлодар</group></item><item jid="n.azatova@gak.kz" name="Назигуль Азатова" subscription="both"><group>ДУВ</group></item><item jid="y.mir@gak.kz" name="Юлия Мир" subscription="both"><group>ДУАП</group></item><item jid="z.buzhukova@gak.kz" name="Зарина Бужукова" subscription="both"><group>Алматы</group></item><item jid="e.shynybayev@gak.kz" name="Ержан Шыныбаев" subscription="both"><group>ТАРАЗ</group></item><item jid="zh.trimova@gak.kz" name="Жулдыз Тримова" subscription="both"><group>Правление</group></item><item jid="d.salo@gak.kz" name="Дарья Сало" subscription="both"><group>Караганда</group></item><item jid="z.kenbayeva@gak.kz" name="Зухра Кенбаева" subscription="both"><group>ДМиП</group></item><item jid="a.nagizkanova@gak.kz" name="Асель Нагизканова" subscription="both"><group>СВА</group></item><item jid="a.zhunussova@gak.kz" name="Айгулим Жунусова" subscription="both"><group>Астана</group></item><item jid="t.popkova@gak.kz" name="Татьяна Попкова" subscription="both"><group>Темиртау</group><group>Караганда</group></item><item jid="g.yerkinalieva@gak.kz" name="Гульбаршын Еркиналиева" subscription="both"><group>ДБУиФО</group></item><item jid="a.svetlichnaya@gak.kz" name="Алла Светличная" subscription="both"><group>ТАРАЗ</group></item><item jid="s.artuhova@gak.kz" name="Светлана Артюхова" subscription="both"><group>Актобе</group></item><item jid="k.zhalmagambetov@gak.kz" name="Кайрат Жалмагамбетов" subscription="both"><group>ДМиП</group></item></query></iq>

2016-09-19 14:21:22
Sending XML>>
<presence><show>chat</show><status>text status</status><priority>3</priority></presence>

2016-09-19 14:21:22
Sending XML>>
<message type="chat" from="a.saleev@gak.kz/webi" to="a.omarovgak.kz"><body>soobshenie</body></message>

2016-09-19 14:22:47
Initializing class variables

2016-09-19 14:22:47
Trying to connect at 192.168.5.204:5222

2016-09-19 14:22:47
Connection made successfully at 192.168.5.204:5222

2016-09-19 14:22:47
Sending XML>>
<?xml version="1.0"?><stream:stream xmlns:stream="http://etherx.jabber.org/streams" version="1.0" xmlns="jabber:client" to="gak.kz" xml:lang="en" xmlns:xml="http://www.w3.org/XML/1998/namespace">

2016-09-19 14:22:48
Received XML<<
<?xml version='1.0' encoding='UTF-8'?><stream:stream xmlns:stream="http://etherx.jabber.org/streams" xmlns="jabber:client" from="gak.kz" id="56l45ogxrh" xml:lang="en" version="1.0"><stream:features><starttls xmlns="urn:ietf:params:xml:ns:xmpp-tls"></starttls><mechanisms xmlns="urn:ietf:params:xml:ns:xmpp-sasl"><mechanism>PLAIN</mechanism><mechanism>ANONYMOUS</mechanism></mechanisms><compression xmlns="http://jabber.org/features/compress"><method>zlib</method></compression><auth xmlns="http://jabber.org/features/iq-auth"/><register xmlns="http://jabber.org/features/iq-register"/></stream:features>

2016-09-19 14:22:48
Authenticating...

2016-09-19 14:22:48
Sending XML>>
<auth xmlns="urn:ietf:params:xml:ns:xmpp-sasl" mechanism="PLAIN">AGEuc2FsZWV2AENma3R0ZDgz</auth>

2016-09-19 14:22:49
Received XML<<
<success xmlns="urn:ietf:params:xml:ns:xmpp-sasl"/>

2016-09-19 14:22:49
Authentication Successful

2016-09-19 14:22:49
Sending XML>>
<?xml version="1.0"?><stream:stream xmlns:stream="http://etherx.jabber.org/streams" version="1.0" xmlns="jabber:client" to="gak.kz" xml:lang="en" xmlns:xml="http://www.w3.org/XML/1998/namespace">

2016-09-19 14:22:50
Received XML<<
<?xml version='1.0' encoding='UTF-8'?><stream:stream xmlns:stream="http://etherx.jabber.org/streams" xmlns="jabber:client" from="gak.kz" id="56l45ogxrh" xml:lang="en" version="1.0"><stream:features><compression xmlns="http://jabber.org/features/compress"><method>zlib</method></compression><bind xmlns="urn:ietf:params:xml:ns:xmpp-bind"/><session xmlns="urn:ietf:params:xml:ns:xmpp-session"><optional/></session><sm xmlns='urn:xmpp:sm:2'/><sm xmlns='urn:xmpp:sm:3'/></stream:features>

2016-09-19 14:22:50
Binding to the server stream

2016-09-19 14:22:50
Sending XML>>
<iq type="set" id="1"><bind xmlns="urn:ietf:params:xml:ns:xmpp-bind"><resource>webi</resource></bind></iq>

2016-09-19 14:22:51
Received XML<<
<iq type="result" id="1" to="gak.kz/56l45ogxrh"><bind xmlns="urn:ietf:params:xml:ns:xmpp-bind"><jid>a.saleev@gak.kz/webi</jid></bind></iq>

2016-09-19 14:22:51
Sending XML>>
<iq type="set" id="sess_1" to="gak.kz"><session xmlns="urn:ietf:params:xml:ns:xmpp-session"/></iq>

2016-09-19 14:22:52
Received XML<<
<iq type="result" id="sess_1" from="gak.kz" to="a.saleev@gak.kz/webi"/>

2016-09-19 14:22:52
Sending XML>>
<iq type="get" to="gak.kz"><query xmlns="http://jabber.org/protocol/disco#info"/></iq>

2016-09-19 14:22:53
Received XML<<
<iq type="result" from="gak.kz" to="a.saleev@gak.kz/webi"><query xmlns="http://jabber.org/protocol/disco#info"><identity category="server" name="Openfire Server" type="im"/><identity category="pubsub" type="pep"/><feature var="http://jabber.org/protocol/pubsub#retrieve-default"/><feature var="http://jabber.org/protocol/pubsub#purge-nodes"/><feature var="vcard-temp"/><feature var="http://jabber.org/protocol/pubsub#subscribe"/><feature var="http://jabber.org/protocol/pubsub#subscription-options"/><feature var="http://jabber.org/protocol/pubsub#create-nodes"/><feature var="http://jabber.org/protocol/pubsub#outcast-affiliation"/><feature var="msgoffline"/><feature var="http://jabber.org/protocol/pubsub#get-pending"/><feature var="http://jabber.org/protocol/pubsub#multi-subscribe"/><feature var="http://jabber.org/protocol/pubsub#presence-notifications"/><feature var="urn:xmpp:ping"/><feature var="jabber:iq:register"/><feature var="http://jabber.org/protocol/pubsub#delete-nodes"/><feature var="http://jabber.org/protocol/pubsub#config-node"/><feature var="http://jabber.org/protocol/pubsub#retrieve-items"/><feature var="http://jabber.org/protocol/pubsub#auto-create"/><feature var="http://jabber.org/protocol/disco#items"/><feature var="http://jabber.org/protocol/pubsub#item-ids"/><feature var="http://jabber.org/protocol/pubsub#meta-data"/><feature var="jabber:iq:roster"/><feature var="http://jabber.org/protocol/pubsub#instant-nodes"/><feature var="http://jabber.org/protocol/pubsub#modify-affiliations"/><feature var="http://jabber.org/protocol/pubsub#persistent-items"/><feature var="http://jabber.org/protocol/pubsub#create-and-configure"/><feature var="http://jabber.org/protocol/pubsub"/><feature var="http://jabber.org/protocol/pubsub#publisher-affiliation"/><feature var="http://jabber.org/protocol/pubsub#access-open"/><feature var="http://jabber.org/protocol/pubsub#retrieve-affiliations"/><feature var="jabber:iq:version"/><feature var="http://jabber.org/protocol/pubsub#retract-items"/><feature var="urn:xmpp:time"/><feature var="http://jabber.org/protocol/pubsub#manage-subscriptions"/><feature var="jabber:iq:privacy"/><feature var="jabber:iq:last"/><feature var="http://jabber.org/protocol/commands"/><feature var="http://jabber.org/protocol/offline"/><feature var="urn:xmpp:carbons:2"/><feature var="http://jabber.org/protocol/address"/><feature var="http://jabber.org/protocol/pubsub#publish"/><feature var="http://jabber.org/protocol/pubsub#collections"/><feature var="http://jabber.org/protocol/pubsub#retrieve-subscriptions"/><feature var="http://jabber.org/protocol/disco#info"/><feature var="jabber:iq:private"/><feature var="http://jabber.org/protocol/rsm"/></query></iq>

2016-09-19 14:22:53
Sending XML>>
<iq type="get" id="2"><query xmlns="jabber:iq:roster"/></iq>

2016-09-19 14:22:54
Received XML<<
<iq type="result" id="2" to="a.saleev@gak.kz/webi"><query xmlns="jabber:iq:roster"><item jid="n.kulzhanov@gak.kz" name="Нурлан Кульжанов" subscription="both"><group>ДИТ</group></item><item jid="t.bizhanov@gak.kz" name="Тимур Бижанов" subscription="both"><group>ДУРиВК</group></item><item jid="s.karzhaspaeva@gak.kz" name="Саягуль Каржаспаева" subscription="both"><group>ЮД</group></item><item jid="o.slepenkova@gak.kz" name="Ольга Слепенькова" subscription="both"><group>Караганда</group></item><item jid="n.begdurganova@gak.kz" name="Нурсауле Бегдурганова" subscription="both"><group>Актау</group></item><item jid="a.kenenbaeva@gak.kz" name="Айман Кененбаева" subscription="both"><group>ДА</group></item><item jid="a.beisembaeva@gak.kz" name="Айнур Бейсембаева" subscription="both"><group>Кокшетау</group></item><item jid="k.tunina@gak.kz" name="Кристина Тюнина" subscription="both"><group>Алматы</group></item><item jid="d.kassimova@gak.kz" name="Диляра Касимова" subscription="both"><group>ДСП</group></item><item jid="a.nuryshova@gak.kz" name="Айнур Тулегенова-Нурышова" subscription="both"><group>СКиОБП</group></item><item jid="g.sabirova@gak.kz" name="Гульнара Сабирова" subscription="both"><group>ДБУиФО</group></item><item jid="m.bektaev@gak.kz" name="Максат Бектаев" subscription="both"><group>Шымкент</group></item><item jid="a.ismagulova@gak.kz" name="Айжан Исмагулова" subscription="both"><group>Караганда</group></item><item jid="a.bekseitova@gak.kz" name="Аяжан Бексеитова" subscription="both"><group>Правление</group><group>ЮД</group></item><item jid="o.yakimenko@gak.kz" name="Оксана Якименко" subscription="both"><group>Караганда</group></item><item jid="n.kulzhabayeva@gak.kz" name="Назым Кулжабаева" subscription="both"><group>ДА</group></item><item jid="a.muhamedov@gak.kz" name="Асхат Мухамедов" subscription="both"><group>ДМиП</group></item><item jid="n.baizhanov@gak.kz" name="Нурияс Байжанов" subscription="both"><group>Алматы</group></item><item jid="a.ibrayeva@gak.kz" name="Алия Ибраева" subscription="both"><group>ДАХР</group></item><item jid="zh.zhumabai@gak.kz" name="Жаксылык Жумабай" subscription="both"><group>ДУВ</group></item><item jid="a.karipova@gak.kz" name="Алия Карипова" subscription="both"><group>Оскемен</group></item><item jid="g.baitlessova@gak.kz" name="Гульнара Байтлесова" subscription="both"><group>ДБУиФО</group></item><item jid="d.iralin@gak.kz" name="Диас Иралин" subscription="both"><group>Правление</group></item><item jid="g.amandykova@gak.kz" name="Гульсара Амандыкова" subscription="both"><group>Актау</group></item><item jid="e.bauzhanov@gak.kz" name="Ерканат Баужанов" subscription="both"><group>Павлодар</group></item><item jid="g.serikova@gak.kz" name="Гульфайруз Серикова" subscription="both"><group>Атырау</group></item><item jid="u.kushtalova@gak.kz" name="Юлия Кушталова" subscription="both"><group>Караганда</group></item><item jid="zh.abuova@gak.kz" name="Жанат Абуова" subscription="both"><group>ЮД</group></item><item jid="a.kali@gak.kz" name="Аскар Кали" subscription="both"><group>Астана</group></item><item jid="l.portyankina@gak.kz" name="Людмила Портянкина" subscription="both"><group>ДБУиФО</group></item><item jid="a.utkelbaev@gak.kz" name="Аскар Уткельбаев" subscription="both"><group>САРиА</group></item><item jid="d.khavullayeva@gak.kz" name="Дильфуза Хавуллаева" subscription="both"><group>Алматы</group></item><item jid="m.yussupov@gak.kz" name="Махсат Юсупов" subscription="both"><group>Алматы</group></item><item jid="d.karlygasheva@gak.kz" name="Диана Карлыгашева" subscription="both"><group>ДАХР</group></item><item jid="g.temirova@gak.kz" name="Гульмира Темирова" subscription="both"><group>Кокшетау</group></item><item jid="zh.soltanova@gak.kz" name="Жайнагуль Солтанова" subscription="both"><group>Павлодар</group></item><item jid="d.nurmuhambetov@gak.kz" name="Даурен Нурмухамбетов" subscription="both"><group>ДСП</group></item><item jid="a.syzdykov@gak.kz" name="Асхат Сыздыков" subscription="both"><group>Костанай</group></item><item jid="s.glushenko@gak.kz" name="Светлана Глущенко" subscription="both"><group>Караганда</group></item><item jid="k.kaparova@gak.kz" name="Куляш Капарова" subscription="both"><group>Костанай</group></item><item jid="l.zhumash@gak.kz" name="Лиана Жумаш" subscription="both"><group>Актау</group></item><item jid="a.bopeyeva@gak.kz" name="Айгуль Бопеева" subscription="both"><group>СВА</group></item><item jid="a.burkina@gak.kz" name="Анастасия Буркина" subscription="both"><group>Караганда</group></item><item jid="buh@gak.kz" name="Бухгалтерия" subscription="both"><group>ДБУиФО</group></item><item jid="a.tasmambetova@gak.kz" name="Акмарал Тасмамбетова" subscription="both"><group>САРиА</group></item><item jid="e.mudrakova@gak.kz" name="Елена Мудракова" subscription="both"><group>Алматы</group></item><item jid="a.akazhanov@gak.kz" name="Алемжан Акажанов" subscription="both"><group>ДМиП</group><group>Правление</group></item><item jid="b.musabekova@gak.kz" name="Бахытгуль Мусабекова" subscription="both"><group>Атырау</group></item><item jid="a.baiserkin@gak.kz" name="Алдан Байсеркин" subscription="both"><group>ДМиП</group></item><item jid="a.makanova@gak.kz" name="Асель Маканова" subscription="both"><group>Правление</group></item><item jid="n.abdrakhmanova@gak.kz" name="Назия Абдрахманова" subscription="both"><group>ДМиП</group></item><item jid="zh.manassova@gak.kz" name="Жадыра Манасова" subscription="both"><group>ДУРиВК</group></item><item jid="g.aituarova@gak.kz" name="Гульмира Айтуарова" subscription="both"><group>Актау</group></item><item jid="r.mubarakova@gak.kz" name="Рузана Мубаракова" subscription="both"><group>ДУВ</group></item><item jid="a.kimosov@gak.kz" name="Андрей Кимосов" subscription="both"><group>Оскемен</group></item><item jid="r.turabaev@gak.kz" name="Ринат Турабаев" subscription="both"><group>Оскемен</group></item><item jid="o.kochkarova@gak.kz" name="Ольга Кочкарова" subscription="both"><group>Караганда</group></item><item jid="m.orynbassar@gak.kz" name="Мейірбек Орынбасар" subscription="both"><group>ЮД</group></item><item jid="a.adilkhankyzy@gak.kz" name="Алия Адильханкызы" subscription="both"><group>ДАХР</group></item><item jid="a.seisembekov@gak.kz" name="Азат Сейсембеков" subscription="both"><group>ТАРАЗ</group></item><item jid="a.mendygulova@gak.kz" name="Айнагуль Мендыгулова" subscription="both"><group>Орал</group></item><item jid="b.dusekova@gak.kz" name="Бибигуль Дусекова" subscription="both"><group>Караганда</group></item><item jid="o.korzh@gak.kz" name="Оксана Корж" subscription="both"><group>Костанай</group></item><item jid="n.serebrova@gak.kz" name="Надежда Сереброва" subscription="both"><group>ДБУиФО</group></item><item jid="s.otesh@gak.kz" name="Сабит Отеш" subscription="both"><group>Актобе</group></item><item jid="e.abdrasheva@gak.kz" name="Эльмира Абдрашева" subscription="both"><group>ЮД</group></item><item jid="e.kokkozova@gak.kz" name="Эльвира Коккозова" subscription="both"><group>ДУВ</group></item><item jid="g.kazanceva@gak.kz" name="Галина Казанцева" subscription="both"><group>Петропавлоск</group></item><item jid="zh.sadirova@gak.kz" name="Жибек Садирова" subscription="both"><group>Астана</group></item><item jid="a.kulmanova@gak.kz" name="Асия Кульманова" subscription="both"><group>ДУВ</group></item><item jid="g.amerkhojayev@gak.kz" name="Галым Амерходжаев" subscription="both"><group>Правление</group></item><item jid="d.kainarov@gak.kz" name="Дулат Кайнаров" subscription="both"><group>ДАХР</group></item><item jid="a.kazavchuk@gak.kz" name="Алексей Казавчук" subscription="both"><group>Шымкент</group></item><item jid="g.zhisova@gak.kz" name="Гульнара Жисова" subscription="both"><group>Актобе</group></item><item jid="m.mombekova@gak.kz" name="Маржан Момбекова" subscription="both"><group>ДАХР</group></item><item jid="m.saparov@gak.kz" name="Марат Сапаров" subscription="both"><group>ДУАП</group></item><item jid="a.auganbaeva@gak.kz" name="Айгуль Ауганбаева" subscription="both"><group>ЮД</group></item><item jid="i.akhmetov@gak.kz" name="Ильяс Ахметов" subscription="both"><group>ДИТ</group></item><item jid="a.zhunus@gak.kz" name="Айгул Жунус" subscription="both"><group>ДА</group></item><item jid="d.nurkeibekova@gak.kz" name="Дана Нуркейбекова" subscription="both"><group>ДАХР</group></item><item jid="o.derkach@gak.kz" name="Оксана Деркач" subscription="both"><group>Петропавлоск</group></item><item jid="a.shamshualeyeva@gak.kz" name="Асель Шамшуалеева" subscription="both"><group>СП</group></item><item jid="o.struk@gak.kz" name="Ольга Струк" subscription="both"><group>Караганда</group></item><item jid="a.omarov@gak.kz" name="Аслан Омаров" subscription="both"><group>ДИТ</group></item><item jid="duap1@gak.kz" name="ДУАП" subscription="both"><group>ДУАП</group></item><item jid="a.kassinov@gak.kz" name="Аскар Касинов" subscription="both"><group>ДА</group></item><item jid="n.dosmukhametova@gak.kz" name="Назым Досмухаметова" subscription="both"><group>Алматы</group></item><item jid="g.bekbergenova@gak.kz" name="Гулдияр Бекбергенова" subscription="both"><group>ДАХР</group></item><item jid="g.omarkhanov@gak.kz" name="Габит Омарханов" subscription="both"><group>ДАХР</group></item><item jid="a.makasheva@gak.kz" name="Айнагуль Макашева" subscription="both"><group>САРиА</group></item><item jid="a.fadeeva@gak.kz" name="Асель Фадеева" subscription="both"><group>Алматы</group></item><item jid="a.tezikbai@gak.kz" name="Айжан Тезикбай" subscription="both"><group>ДМиП</group></item><item jid="r.zhakebup@gak.kz" name="Руслан Жакебуп" subscription="both"><group>Астана</group></item><item jid="m.irismetov@gak.kz" name="Мамиржан Ирисметов" subscription="both"><group>Шымкент</group></item><item jid="k.kamyshev@gak.kz" name="Канат Камышев" subscription="both"><group>Кокшетау</group></item><item jid="z.dossova@gak.kz" name="Жанар Досова" subscription="both"><group>ДСП</group></item><item jid="s.nurlybaeva@gak.kz" name="Салтанат Нурлыбаева" subscription="both"><group>Атырау</group></item><item jid="d.aitmaganov@gak.kz" name="Дастан Айтмаганов" subscription="both"><group>ДИТ</group></item><item jid="s.tokayeva@gak.kz" name="Салтанат Токаева" subscription="both"><group>Алматы</group></item><item jid="d.sagidenova@gak.kz" name="Динара Сагиденова" subscription="both"><group>Павлодар</group></item><item jid="a.gizzatkyzy@gak.kz" name="Анель Ғиззатқызы" subscription="both"><group>ДУВ</group></item><item jid="a.dauletova@gak.kz" name="Айнагуль Даулетова" subscription="both"><group>Орал</group></item><item jid="r.bainabekova@gak.kz" name="Рабига Байнабекова" subscription="both"><group>ДМиП</group></item><item jid="g.zhunusova@gak.kz" name="Гульназ Жунусова" subscription="both"><group>Орал</group></item><item jid="v.kaliev@gak.kz" name="Валихан Калиев" subscription="both"><group>ДУВ</group></item><item jid="d.nurmanova@gak.kz" name="Динара Нурманова" subscription="both"><group>ДБУиФО</group></item><item jid="i.sembaeva@gak.kz" name="Индира Сембаева" subscription="both"><group>Актобе</group></item><item jid="a.mukanov@gak.kz" name="Арман Муканов" subscription="both"><group>Астана</group></item><item jid="f.imyaminova@gak.kz" name="Фарида Имьяминова" subscription="both"><group>Павлодар</group></item><item jid="n.azatova@gak.kz" name="Назигуль Азатова" subscription="both"><group>ДУВ</group></item><item jid="y.mir@gak.kz" name="Юлия Мир" subscription="both"><group>ДУАП</group></item><item jid="z.buzhukova@gak.kz" name="Зарина Бужукова" subscription="both"><group>Алматы</group></item><item jid="e.shynybayev@gak.kz" name="Ержан Шыныбаев" subscription="both"><group>ТАРАЗ</group></item><item jid="zh.trimova@gak.kz" name="Жулдыз Тримова" subscription="both"><group>Правление</group></item><item jid="d.salo@gak.kz" name="Дарья Сало" subscription="both"><group>Караганда</group></item><item jid="z.kenbayeva@gak.kz" name="Зухра Кенбаева" subscription="both"><group>ДМиП</group></item><item jid="a.nagizkanova@gak.kz" name="Асель Нагизканова" subscription="both"><group>СВА</group></item><item jid="a.zhunussova@gak.kz" name="Айгулим Жунусова" subscription="both"><group>Астана</group></item><item jid="t.popkova@gak.kz" name="Татьяна Попкова" subscription="both"><group>Темиртау</group><group>Караганда</group></item><item jid="g.yerkinalieva@gak.kz" name="Гульбаршын Еркиналиева" subscription="both"><group>ДБУиФО</group></item><item jid="a.svetlichnaya@gak.kz" name="Алла Светличная" subscription="both"><group>ТАРАЗ</group></item><item jid="s.artuhova@gak.kz" name="Светлана Артюхова" subscription="both"><group>Актобе</group></item><item jid="k.zhalmagambetov@gak.kz" name="Кайрат Жалмагамбетов" subscription="both"><group>ДМиП</group></item></query></iq>

2016-09-19 14:22:55
Sending XML>>
<presence><show>chat</show><status>text status</status><priority>5</priority></presence>

2016-09-19 14:22:55
Sending XML>>
<message type="chat" from="a.saleev@gak.kz/webi" to="a.saleev@gak.kz"><body>soobshenie</body></message>

2016-09-19 14:24:06
Initializing class variables

2016-09-19 14:24:06
Trying to connect at 192.168.5.204:5222

2016-09-19 14:24:06
Connection made successfully at 192.168.5.204:5222

2016-09-19 14:24:06
Sending XML>>
<?xml version="1.0"?><stream:stream xmlns:stream="http://etherx.jabber.org/streams" version="1.0" xmlns="jabber:client" to="gak.kz" xml:lang="en" xmlns:xml="http://www.w3.org/XML/1998/namespace">

2016-09-19 14:24:07
Received XML<<
<?xml version='1.0' encoding='UTF-8'?><stream:stream xmlns:stream="http://etherx.jabber.org/streams" xmlns="jabber:client" from="gak.kz" id="azkvog7qzf" xml:lang="en" version="1.0"><stream:features><starttls xmlns="urn:ietf:params:xml:ns:xmpp-tls"></starttls><mechanisms xmlns="urn:ietf:params:xml:ns:xmpp-sasl"><mechanism>PLAIN</mechanism><mechanism>ANONYMOUS</mechanism></mechanisms><compression xmlns="http://jabber.org/features/compress"><method>zlib</method></compression><auth xmlns="http://jabber.org/features/iq-auth"/><register xmlns="http://jabber.org/features/iq-register"/></stream:features>

2016-09-19 14:24:07
Authenticating...

2016-09-19 14:24:07
Sending XML>>
<auth xmlns="urn:ietf:params:xml:ns:xmpp-sasl" mechanism="PLAIN">AGEuc2FsZWV2AENma3R0ZDgz</auth>

2016-09-19 14:24:08
Received XML<<
<success xmlns="urn:ietf:params:xml:ns:xmpp-sasl"/>

2016-09-19 14:24:08
Authentication Successful

2016-09-19 14:24:08
Sending XML>>
<?xml version="1.0"?><stream:stream xmlns:stream="http://etherx.jabber.org/streams" version="1.0" xmlns="jabber:client" to="gak.kz" xml:lang="en" xmlns:xml="http://www.w3.org/XML/1998/namespace">

2016-09-19 14:24:09
Received XML<<
<?xml version='1.0' encoding='UTF-8'?><stream:stream xmlns:stream="http://etherx.jabber.org/streams" xmlns="jabber:client" from="gak.kz" id="azkvog7qzf" xml:lang="en" version="1.0"><stream:features><compression xmlns="http://jabber.org/features/compress"><method>zlib</method></compression><bind xmlns="urn:ietf:params:xml:ns:xmpp-bind"/><session xmlns="urn:ietf:params:xml:ns:xmpp-session"><optional/></session><sm xmlns='urn:xmpp:sm:2'/><sm xmlns='urn:xmpp:sm:3'/></stream:features>

2016-09-19 14:24:09
Binding to the server stream

2016-09-19 14:24:09
Sending XML>>
<iq type="set" id="1"><bind xmlns="urn:ietf:params:xml:ns:xmpp-bind"><resource>webi</resource></bind></iq>

2016-09-19 14:24:10
Received XML<<
<iq type="result" id="1" to="gak.kz/azkvog7qzf"><bind xmlns="urn:ietf:params:xml:ns:xmpp-bind"><jid>a.saleev@gak.kz/webi</jid></bind></iq>

2016-09-19 14:24:10
Sending XML>>
<iq type="set" id="sess_1" to="gak.kz"><session xmlns="urn:ietf:params:xml:ns:xmpp-session"/></iq>

2016-09-19 14:24:11
Received XML<<
<iq type="result" id="sess_1" from="gak.kz" to="a.saleev@gak.kz/webi"/>

2016-09-19 14:24:11
Sending XML>>
<iq type="get" to="gak.kz"><query xmlns="http://jabber.org/protocol/disco#info"/></iq>

2016-09-19 14:24:12
Received XML<<
<iq type="result" from="gak.kz" to="a.saleev@gak.kz/webi"><query xmlns="http://jabber.org/protocol/disco#info"><identity category="server" name="Openfire Server" type="im"/><identity category="pubsub" type="pep"/><feature var="http://jabber.org/protocol/pubsub#retrieve-default"/><feature var="http://jabber.org/protocol/pubsub#purge-nodes"/><feature var="vcard-temp"/><feature var="http://jabber.org/protocol/pubsub#subscribe"/><feature var="http://jabber.org/protocol/pubsub#subscription-options"/><feature var="http://jabber.org/protocol/pubsub#create-nodes"/><feature var="http://jabber.org/protocol/pubsub#outcast-affiliation"/><feature var="msgoffline"/><feature var="http://jabber.org/protocol/pubsub#get-pending"/><feature var="http://jabber.org/protocol/pubsub#multi-subscribe"/><feature var="http://jabber.org/protocol/pubsub#presence-notifications"/><feature var="urn:xmpp:ping"/><feature var="jabber:iq:register"/><feature var="http://jabber.org/protocol/pubsub#delete-nodes"/><feature var="http://jabber.org/protocol/pubsub#config-node"/><feature var="http://jabber.org/protocol/pubsub#retrieve-items"/><feature var="http://jabber.org/protocol/pubsub#auto-create"/><feature var="http://jabber.org/protocol/disco#items"/><feature var="http://jabber.org/protocol/pubsub#item-ids"/><feature var="http://jabber.org/protocol/pubsub#meta-data"/><feature var="jabber:iq:roster"/><feature var="http://jabber.org/protocol/pubsub#instant-nodes"/><feature var="http://jabber.org/protocol/pubsub#modify-affiliations"/><feature var="http://jabber.org/protocol/pubsub#persistent-items"/><feature var="http://jabber.org/protocol/pubsub#create-and-configure"/><feature var="http://jabber.org/protocol/pubsub"/><feature var="http://jabber.org/protocol/pubsub#publisher-affiliation"/><feature var="http://jabber.org/protocol/pubsub#access-open"/><feature var="http://jabber.org/protocol/pubsub#retrieve-affiliations"/><feature var="jabber:iq:version"/><feature var="http://jabber.org/protocol/pubsub#retract-items"/><feature var="urn:xmpp:time"/><feature var="http://jabber.org/protocol/pubsub#manage-subscriptions"/><feature var="jabber:iq:privacy"/><feature var="jabber:iq:last"/><feature var="http://jabber.org/protocol/commands"/><feature var="http://jabber.org/protocol/offline"/><feature var="urn:xmpp:carbons:2"/><feature var="http://jabber.org/protocol/address"/><feature var="http://jabber.org/protocol/pubsub#publish"/><feature var="http://jabber.org/protocol/pubsub#collections"/><feature var="http://jabber.org/protocol/pubsub#retrieve-subscriptions"/><feature var="http://jabber.org/protocol/disco#info"/><feature var="jabber:iq:private"/><feature var="http://jabber.org/protocol/rsm"/></query></iq>

2016-09-19 14:24:12
Sending XML>>
<iq type="get" id="2"><query xmlns="jabber:iq:roster"/></iq>

2016-09-19 14:24:13
Received XML<<
<iq type="result" id="2" to="a.saleev@gak.kz/webi"><query xmlns="jabber:iq:roster"><item jid="n.kulzhanov@gak.kz" name="Нурлан Кульжанов" subscription="both"><group>ДИТ</group></item><item jid="t.bizhanov@gak.kz" name="Тимур Бижанов" subscription="both"><group>ДУРиВК</group></item><item jid="s.karzhaspaeva@gak.kz" name="Саягуль Каржаспаева" subscription="both"><group>ЮД</group></item><item jid="o.slepenkova@gak.kz" name="Ольга Слепенькова" subscription="both"><group>Караганда</group></item><item jid="n.begdurganova@gak.kz" name="Нурсауле Бегдурганова" subscription="both"><group>Актау</group></item><item jid="a.kenenbaeva@gak.kz" name="Айман Кененбаева" subscription="both"><group>ДА</group></item><item jid="a.beisembaeva@gak.kz" name="Айнур Бейсембаева" subscription="both"><group>Кокшетау</group></item><item jid="k.tunina@gak.kz" name="Кристина Тюнина" subscription="both"><group>Алматы</group></item><item jid="d.kassimova@gak.kz" name="Диляра Касимова" subscription="both"><group>ДСП</group></item><item jid="a.nuryshova@gak.kz" name="Айнур Тулегенова-Нурышова" subscription="both"><group>СКиОБП</group></item><item jid="g.sabirova@gak.kz" name="Гульнара Сабирова" subscription="both"><group>ДБУиФО</group></item><item jid="m.bektaev@gak.kz" name="Максат Бектаев" subscription="both"><group>Шымкент</group></item><item jid="a.ismagulova@gak.kz" name="Айжан Исмагулова" subscription="both"><group>Караганда</group></item><item jid="a.bekseitova@gak.kz" name="Аяжан Бексеитова" subscription="both"><group>Правление</group><group>ЮД</group></item><item jid="o.yakimenko@gak.kz" name="Оксана Якименко" subscription="both"><group>Караганда</group></item><item jid="n.kulzhabayeva@gak.kz" name="Назым Кулжабаева" subscription="both"><group>ДА</group></item><item jid="a.muhamedov@gak.kz" name="Асхат Мухамедов" subscription="both"><group>ДМиП</group></item><item jid="n.baizhanov@gak.kz" name="Нурияс Байжанов" subscription="both"><group>Алматы</group></item><item jid="a.ibrayeva@gak.kz" name="Алия Ибраева" subscription="both"><group>ДАХР</group></item><item jid="zh.zhumabai@gak.kz" name="Жаксылык Жумабай" subscription="both"><group>ДУВ</group></item><item jid="a.karipova@gak.kz" name="Алия Карипова" subscription="both"><group>Оскемен</group></item><item jid="g.baitlessova@gak.kz" name="Гульнара Байтлесова" subscription="both"><group>ДБУиФО</group></item><item jid="d.iralin@gak.kz" name="Диас Иралин" subscription="both"><group>Правление</group></item><item jid="g.amandykova@gak.kz" name="Гульсара Амандыкова" subscription="both"><group>Актау</group></item><item jid="e.bauzhanov@gak.kz" name="Ерканат Баужанов" subscription="both"><group>Павлодар</group></item><item jid="g.serikova@gak.kz" name="Гульфайруз Серикова" subscription="both"><group>Атырау</group></item><item jid="u.kushtalova@gak.kz" name="Юлия Кушталова" subscription="both"><group>Караганда</group></item><item jid="zh.abuova@gak.kz" name="Жанат Абуова" subscription="both"><group>ЮД</group></item><item jid="a.kali@gak.kz" name="Аскар Кали" subscription="both"><group>Астана</group></item><item jid="l.portyankina@gak.kz" name="Людмила Портянкина" subscription="both"><group>ДБУиФО</group></item><item jid="a.utkelbaev@gak.kz" name="Аскар Уткельбаев" subscription="both"><group>САРиА</group></item><item jid="d.khavullayeva@gak.kz" name="Дильфуза Хавуллаева" subscription="both"><group>Алматы</group></item><item jid="m.yussupov@gak.kz" name="Махсат Юсупов" subscription="both"><group>Алматы</group></item><item jid="d.karlygasheva@gak.kz" name="Диана Карлыгашева" subscription="both"><group>ДАХР</group></item><item jid="g.temirova@gak.kz" name="Гульмира Темирова" subscription="both"><group>Кокшетау</group></item><item jid="zh.soltanova@gak.kz" name="Жайнагуль Солтанова" subscription="both"><group>Павлодар</group></item><item jid="d.nurmuhambetov@gak.kz" name="Даурен Нурмухамбетов" subscription="both"><group>ДСП</group></item><item jid="a.syzdykov@gak.kz" name="Асхат Сыздыков" subscription="both"><group>Костанай</group></item><item jid="s.glushenko@gak.kz" name="Светлана Глущенко" subscription="both"><group>Караганда</group></item><item jid="k.kaparova@gak.kz" name="Куляш Капарова" subscription="both"><group>Костанай</group></item><item jid="l.zhumash@gak.kz" name="Лиана Жумаш" subscription="both"><group>Актау</group></item><item jid="a.bopeyeva@gak.kz" name="Айгуль Бопеева" subscription="both"><group>СВА</group></item><item jid="a.burkina@gak.kz" name="Анастасия Буркина" subscription="both"><group>Караганда</group></item><item jid="buh@gak.kz" name="Бухгалтерия" subscription="both"><group>ДБУиФО</group></item><item jid="a.tasmambetova@gak.kz" name="Акмарал Тасмамбетова" subscription="both"><group>САРиА</group></item><item jid="e.mudrakova@gak.kz" name="Елена Мудракова" subscription="both"><group>Алматы</group></item><item jid="a.akazhanov@gak.kz" name="Алемжан Акажанов" subscription="both"><group>ДМиП</group><group>Правление</group></item><item jid="b.musabekova@gak.kz" name="Бахытгуль Мусабекова" subscription="both"><group>Атырау</group></item><item jid="a.baiserkin@gak.kz" name="Алдан Байсеркин" subscription="both"><group>ДМиП</group></item><item jid="a.makanova@gak.kz" name="Асель Маканова" subscription="both"><group>Правление</group></item><item jid="n.abdrakhmanova@gak.kz" name="Назия Абдрахманова" subscription="both"><group>ДМиП</group></item><item jid="zh.manassova@gak.kz" name="Жадыра Манасова" subscription="both"><group>ДУРиВК</group></item><item jid="g.aituarova@gak.kz" name="Гульмира Айтуарова" subscription="both"><group>Актау</group></item><item jid="r.mubarakova@gak.kz" name="Рузана Мубаракова" subscription="both"><group>ДУВ</group></item><item jid="a.kimosov@gak.kz" name="Андрей Кимосов" subscription="both"><group>Оскемен</group></item><item jid="r.turabaev@gak.kz" name="Ринат Турабаев" subscription="both"><group>Оскемен</group></item><item jid="o.kochkarova@gak.kz" name="Ольга Кочкарова" subscription="both"><group>Караганда</group></item><item jid="m.orynbassar@gak.kz" name="Мейірбек Орынбасар" subscription="both"><group>ЮД</group></item><item jid="a.adilkhankyzy@gak.kz" name="Алия Адильханкызы" subscription="both"><group>ДАХР</group></item><item jid="a.seisembekov@gak.kz" name="Азат Сейсембеков" subscription="both"><group>ТАРАЗ</group></item><item jid="a.mendygulova@gak.kz" name="Айнагуль Мендыгулова" subscription="both"><group>Орал</group></item><item jid="b.dusekova@gak.kz" name="Бибигуль Дусекова" subscription="both"><group>Караганда</group></item><item jid="o.korzh@gak.kz" name="Оксана Корж" subscription="both"><group>Костанай</group></item><item jid="n.serebrova@gak.kz" name="Надежда Сереброва" subscription="both"><group>ДБУиФО</group></item><item jid="s.otesh@gak.kz" name="Сабит Отеш" subscription="both"><group>Актобе</group></item><item jid="e.abdrasheva@gak.kz" name="Эльмира Абдрашева" subscription="both"><group>ЮД</group></item><item jid="e.kokkozova@gak.kz" name="Эльвира Коккозова" subscription="both"><group>ДУВ</group></item><item jid="g.kazanceva@gak.kz" name="Галина Казанцева" subscription="both"><group>Петропавлоск</group></item><item jid="zh.sadirova@gak.kz" name="Жибек Садирова" subscription="both"><group>Астана</group></item><item jid="a.kulmanova@gak.kz" name="Асия Кульманова" subscription="both"><group>ДУВ</group></item><item jid="g.amerkhojayev@gak.kz" name="Галым Амерходжаев" subscription="both"><group>Правление</group></item><item jid="d.kainarov@gak.kz" name="Дулат Кайнаров" subscription="both"><group>ДАХР</group></item><item jid="a.kazavchuk@gak.kz" name="Алексей Казавчук" subscription="both"><group>Шымкент</group></item><item jid="g.zhisova@gak.kz" name="Гульнара Жисова" subscription="both"><group>Актобе</group></item><item jid="m.mombekova@gak.kz" name="Маржан Момбекова" subscription="both"><group>ДАХР</group></item><item jid="m.saparov@gak.kz" name="Марат Сапаров" subscription="both"><group>ДУАП</group></item><item jid="a.auganbaeva@gak.kz" name="Айгуль Ауганбаева" subscription="both"><group>ЮД</group></item><item jid="i.akhmetov@gak.kz" name="Ильяс Ахметов" subscription="both"><group>ДИТ</group></item><item jid="a.zhunus@gak.kz" name="Айгул Жунус" subscription="both"><group>ДА</group></item><item jid="d.nurkeibekova@gak.kz" name="Дана Нуркейбекова" subscription="both"><group>ДАХР</group></item><item jid="o.derkach@gak.kz" name="Оксана Деркач" subscription="both"><group>Петропавлоск</group></item><item jid="a.shamshualeyeva@gak.kz" name="Асель Шамшуалеева" subscription="both"><group>СП</group></item><item jid="o.struk@gak.kz" name="Ольга Струк" subscription="both"><group>Караганда</group></item><item jid="a.omarov@gak.kz" name="Аслан Омаров" subscription="both"><group>ДИТ</group></item><item jid="duap1@gak.kz" name="ДУАП" subscription="both"><group>ДУАП</group></item><item jid="a.kassinov@gak.kz" name="Аскар Касинов" subscription="both"><group>ДА</group></item><item jid="n.dosmukhametova@gak.kz" name="Назым Досмухаметова" subscription="both"><group>Алматы</group></item><item jid="g.bekbergenova@gak.kz" name="Гулдияр Бекбергенова" subscription="both"><group>ДАХР</group></item><item jid="g.omarkhanov@gak.kz" name="Габит Омарханов" subscription="both"><group>ДАХР</group></item><item jid="a.makasheva@gak.kz" name="Айнагуль Макашева" subscription="both"><group>САРиА</group></item><item jid="a.fadeeva@gak.kz" name="Асель Фадеева" subscription="both"><group>Алматы</group></item><item jid="a.tezikbai@gak.kz" name="Айжан Тезикбай" subscription="both"><group>ДМиП</group></item><item jid="r.zhakebup@gak.kz" name="Руслан Жакебуп" subscription="both"><group>Астана</group></item><item jid="m.irismetov@gak.kz" name="Мамиржан Ирисметов" subscription="both"><group>Шымкент</group></item><item jid="k.kamyshev@gak.kz" name="Канат Камышев" subscription="both"><group>Кокшетау</group></item><item jid="z.dossova@gak.kz" name="Жанар Досова" subscription="both"><group>ДСП</group></item><item jid="s.nurlybaeva@gak.kz" name="Салтанат Нурлыбаева" subscription="both"><group>Атырау</group></item><item jid="d.aitmaganov@gak.kz" name="Дастан Айтмаганов" subscription="both"><group>ДИТ</group></item><item jid="s.tokayeva@gak.kz" name="Салтанат Токаева" subscription="both"><group>Алматы</group></item><item jid="d.sagidenova@gak.kz" name="Динара Сагиденова" subscription="both"><group>Павлодар</group></item><item jid="a.gizzatkyzy@gak.kz" name="Анель Ғиззатқызы" subscription="both"><group>ДУВ</group></item><item jid="a.dauletova@gak.kz" name="Айнагуль Даулетова" subscription="both"><group>Орал</group></item><item jid="r.bainabekova@gak.kz" name="Рабига Байнабекова" subscription="both"><group>ДМиП</group></item><item jid="g.zhunusova@gak.kz" name="Гульназ Жунусова" subscription="both"><group>Орал</group></item><item jid="v.kaliev@gak.kz" name="Валихан Калиев" subscription="both"><group>ДУВ</group></item><item jid="d.nurmanova@gak.kz" name="Динара Нурманова" subscription="both"><group>ДБУиФО</group></item><item jid="i.sembaeva@gak.kz" name="Индира Сембаева" subscription="both"><group>Актобе</group></item><item jid="a.mukanov@gak.kz" name="Арман Муканов" subscription="both"><group>Астана</group></item><item jid="f.imyaminova@gak.kz" name="Фарида Имьяминова" subscription="both"><group>Павлодар</group></item><item jid="n.azatova@gak.kz" name="Назигуль Азатова" subscription="both"><group>ДУВ</group></item><item jid="y.mir@gak.kz" name="Юлия Мир" subscription="both"><group>ДУАП</group></item><item jid="z.buzhukova@gak.kz" name="Зарина Бужукова" subscription="both"><group>Алматы</group></item><item jid="e.shynybayev@gak.kz" name="Ержан Шыныбаев" subscription="both"><group>ТАРАЗ</group></item><item jid="zh.trimova@gak.kz" name="Жулдыз Тримова" subscription="both"><group>Правление</group></item><item jid="d.salo@gak.kz" name="Дарья Сало" subscription="both"><group>Караганда</group></item><item jid="z.kenbayeva@gak.kz" name="Зухра Кенбаева" subscription="both"><group>ДМиП</group></item><item jid="a.nagizkanova@gak.kz" name="Асель Нагизканова" subscription="both"><group>СВА</group></item><item jid="a.zhunussova@gak.kz" name="Айгулим Жунусова" subscription="both"><group>Астана</group></item><item jid="t.popkova@gak.kz" name="Татьяна Попкова" subscription="both"><group>Темиртау</group><group>Караганда</group></item><item jid="g.yerkinalieva@gak.kz" name="Гульбаршын Еркиналиева" subscription="both"><group>ДБУиФО</group></item><item jid="a.svetlichnaya@gak.kz" name="Алла Светличная" subscription="both"><group>ТАРАЗ</group></item><item jid="s.artuhova@gak.kz" name="Светлана Артюхова" subscription="both"><group>Актобе</group></item><item jid="k.zhalmagambetov@gak.kz" name="Кайрат Жалмагамбетов" subscription="both"><group>ДМиП</group></item></query></iq>

2016-09-19 14:24:14
Sending XML>>
<presence><show>chat</show><status>text status</status><priority>5</priority></presence>

2016-09-19 14:24:14
Sending XML>>
<message type="chat" from="a.saleev@gak.kz/webi" to="a.omarov@gak.kz"><body>soobshenie</body></message>

